
==============================================
START : FUNC_BUILD_KERNEL
==============================================

build project=eur
build common config=apq8084_sec_defconfig 
build variant config=apq8084_sec_trlte_eur_defconfig 
no directory : /home/friedrich420/kernel/note4/KERNEL_AEL_UNIFIED_NEWGIT/../../android/out/target/product/trlteeur/obj/KERNEL_OBJ/arch/arm/boot/dts
make: Entering directory `/home/friedrich420/kernel/note4/KERNEL_AEL_UNIFIED_NEWGIT'
  GEN     /home/friedrich420/kernel/android/out/target/product/trlteeur/obj/KERNEL_OBJ/Makefile
arch/arm/configs/selinux_defconfig:1:warning: override: reassigning to symbol EXT2_FS_XATTR
arch/arm/configs/selinux_defconfig:4:warning: override: reassigning to symbol EXT4_FS_SECURITY
arch/arm/configs/selinux_defconfig:5:warning: override: reassigning to symbol AUDIT
arch/arm/configs/selinux_defconfig:7:warning: override: reassigning to symbol SECURITY
arch/arm/configs/selinux_defconfig:8:warning: override: reassigning to symbol LSM_MMAP_MIN_ADDR
arch/arm/configs/selinux_defconfig:9:warning: override: reassigning to symbol SECURITY_NETWORK
arch/arm/configs/selinux_defconfig:10:warning: override: reassigning to symbol SECURITY_SELINUX
arch/arm/configs/selinux_defconfig:13:warning: symbol value 'y' invalid for SECURITY_SELINUX_CHECKREQPROT_VALUE
arch/arm/configs/selinux_defconfig:15:warning: override: reassigning to symbol NF_CONNTRACK_SECMARK
arch/arm/configs/selinux_defconfig:16:warning: override: reassigning to symbol NETFILTER_XT_TARGET_CONNSECMARK
arch/arm/configs/selinux_defconfig:18:warning: override: reassigning to symbol IP_NF_SECURITY
arch/arm/configs/apq8084_sec_trlte_eur_defconfig:20:warning: override: reassigning to symbol ARM_PATCH_PHYS_VIRT
arch/arm/configs/apq8084_sec_trlte_eur_defconfig:47:warning: override: reassigning to symbol KERNEL_LZO
arch/arm/configs/apq8084_sec_trlte_eur_defconfig:48:warning: override: KERNEL_LZ4 changes choice state
arch/arm/configs/apq8084_sec_trlte_eur_defconfig:51:warning: override: reassigning to symbol SYSVIPC
arch/arm/configs/apq8084_sec_trlte_eur_defconfig:55:warning: override: reassigning to symbol AUDIT
arch/arm/configs/apq8084_sec_trlte_eur_defconfig:56:warning: override: reassigning to symbol AUDITSYSCALL
arch/arm/configs/apq8084_sec_trlte_eur_defconfig:85:warning: override: reassigning to symbol NO_HZ
arch/arm/configs/apq8084_sec_trlte_eur_defconfig:86:warning: override: reassigning to symbol HIGH_RES_TIMERS
arch/arm/configs/apq8084_sec_trlte_eur_defconfig:106:warning: override: reassigning to symbol RCU_FAST_NO_HZ
arch/arm/configs/apq8084_sec_trlte_eur_defconfig:110:warning: override: reassigning to symbol IKCONFIG
arch/arm/configs/apq8084_sec_trlte_eur_defconfig:111:warning: override: reassigning to symbol LOG_BUF_SHIFT
arch/arm/configs/apq8084_sec_trlte_eur_defconfig:112:warning: override: reassigning to symbol CGROUPS
arch/arm/configs/apq8084_sec_trlte_eur_defconfig:114:warning: override: reassigning to symbol CGROUP_FREEZER
arch/arm/configs/apq8084_sec_trlte_eur_defconfig:117:warning: override: reassigning to symbol CGROUP_CPUACCT
arch/arm/configs/apq8084_sec_trlte_eur_defconfig:118:warning: override: reassigning to symbol RESOURCE_COUNTERS
arch/arm/configs/apq8084_sec_trlte_eur_defconfig:121:warning: override: reassigning to symbol CGROUP_SCHED
arch/arm/configs/apq8084_sec_trlte_eur_defconfig:124:warning: override: reassigning to symbol RT_GROUP_SCHED
arch/arm/configs/apq8084_sec_trlte_eur_defconfig:127:warning: override: reassigning to symbol NAMESPACES
arch/arm/configs/apq8084_sec_trlte_eur_defconfig:128:warning: override: reassigning to symbol UTS_NS
arch/arm/configs/apq8084_sec_trlte_eur_defconfig:129:warning: override: reassigning to symbol IPC_NS
arch/arm/configs/apq8084_sec_trlte_eur_defconfig:131:warning: override: reassigning to symbol PID_NS
arch/arm/configs/apq8084_sec_trlte_eur_defconfig:137:warning: override: reassigning to symbol RELAY
arch/arm/configs/apq8084_sec_trlte_eur_defconfig:138:warning: override: reassigning to symbol BLK_DEV_INITRD
arch/arm/configs/apq8084_sec_trlte_eur_defconfig:141:warning: override: reassigning to symbol RD_BZIP2
arch/arm/configs/apq8084_sec_trlte_eur_defconfig:142:warning: override: reassigning to symbol RD_LZMA
arch/arm/configs/apq8084_sec_trlte_eur_defconfig:145:warning: override: reassigning to symbol RD_LZ4
arch/arm/configs/apq8084_sec_trlte_eur_defconfig:146:warning: override: reassigning to symbol CC_OPTIMIZE_FOR_SIZE
arch/arm/configs/apq8084_sec_trlte_eur_defconfig:151:warning: override: reassigning to symbol PANIC_TIMEOUT
arch/arm/configs/apq8084_sec_trlte_eur_defconfig:156:warning: override: reassigning to symbol KALLSYMS_ALL
arch/arm/configs/apq8084_sec_trlte_eur_defconfig:169:warning: override: reassigning to symbol EMBEDDED
arch/arm/configs/apq8084_sec_trlte_eur_defconfig:179:warning: override: reassigning to symbol SLUB_DEBUG
arch/arm/configs/apq8084_sec_trlte_eur_defconfig:184:warning: override: reassigning to symbol DEFERRED_INITCALLS
arch/arm/configs/apq8084_sec_trlte_eur_defconfig:185:warning: override: reassigning to symbol PROFILING
arch/arm/configs/apq8084_sec_trlte_eur_defconfig:189:warning: override: reassigning to symbol KPROBES
arch/arm/configs/apq8084_sec_trlte_eur_defconfig:224:warning: override: reassigning to symbol MODULES
arch/arm/configs/apq8084_sec_trlte_eur_defconfig:226:warning: override: reassigning to symbol MODULE_UNLOAD
arch/arm/configs/apq8084_sec_trlte_eur_defconfig:227:warning: override: reassigning to symbol MODULE_FORCE_UNLOAD
arch/arm/configs/apq8084_sec_trlte_eur_defconfig:228:warning: override: reassigning to symbol MODVERSIONS
arch/arm/configs/apq8084_sec_trlte_eur_defconfig:241:warning: override: reassigning to symbol PARTITION_ADVANCED
arch/arm/configs/apq8084_sec_trlte_eur_defconfig:265:warning: override: reassigning to symbol IOSCHED_TEST
arch/arm/configs/apq8084_sec_trlte_eur_defconfig:280:warning: override: reassigning to symbol DEFAULT_CFQ
arch/arm/configs/apq8084_sec_trlte_eur_defconfig:280:warning: override: DEFAULT_CFQ changes choice state
arch/arm/configs/apq8084_sec_trlte_eur_defconfig:324:warning: override: reassigning to symbol ARCH_MSM
arch/arm/configs/apq8084_sec_trlte_eur_defconfig:324:warning: override: ARCH_MSM changes choice state
arch/arm/configs/apq8084_sec_trlte_eur_defconfig:345:warning: override: reassigning to symbol ARCH_APQ8084
arch/arm/configs/apq8084_sec_trlte_eur_defconfig:353:warning: override: reassigning to symbol MSM_KRAIT_TBB_ABORT_HANDLER
arch/arm/configs/apq8084_sec_trlte_eur_defconfig:398:warning: override: reassigning to symbol MSM_STACKED_MEMORY
arch/arm/configs/apq8084_sec_trlte_eur_defconfig:424:warning: override: reassigning to symbol CPU_HAS_L2_PMU
arch/arm/configs/apq8084_sec_trlte_eur_defconfig:425:warning: override: reassigning to symbol MSM_SMD
arch/arm/configs/apq8084_sec_trlte_eur_defconfig:426:warning: override: reassigning to symbol MSM_PCIE
arch/arm/configs/apq8084_sec_trlte_eur_defconfig:428:warning: override: reassigning to symbol MSM_SMP2P
arch/arm/configs/apq8084_sec_trlte_eur_defconfig:429:warning: override: reassigning to symbol MSM_SMP2P_TEST
arch/arm/configs/apq8084_sec_trlte_eur_defconfig:441:warning: override: reassigning to symbol USER_RESET_DEBUG
arch/arm/configs/apq8084_sec_trlte_eur_defconfig:443:warning: override: reassigning to symbol WIFI_CONTROL_FUNC
arch/arm/configs/apq8084_sec_trlte_eur_defconfig:454:warning: override: reassigning to symbol MSM_SUBSYSTEM_RESTART
arch/arm/configs/apq8084_sec_trlte_eur_defconfig:455:warning: override: reassigning to symbol MSM_SYSMON_COMM
arch/arm/configs/apq8084_sec_trlte_eur_defconfig:457:warning: override: reassigning to symbol MSM_PIL_SSR_GENERIC
arch/arm/configs/apq8084_sec_trlte_eur_defconfig:461:warning: override: reassigning to symbol MSM_BUSPM_DEV
arch/arm/configs/apq8084_sec_trlte_eur_defconfig:462:warning: override: reassigning to symbol MSM_TZ_LOG
arch/arm/configs/apq8084_sec_trlte_eur_defconfig:466:warning: override: reassigning to symbol MSM_DIRECT_SCLK_ACCESS
arch/arm/configs/apq8084_sec_trlte_eur_defconfig:471:warning: override: reassigning to symbol MSM_EVENT_TIMER
arch/arm/configs/apq8084_sec_trlte_eur_defconfig:472:warning: override: reassigning to symbol MSM_BUS_SCALING
arch/arm/configs/apq8084_sec_trlte_eur_defconfig:474:warning: override: reassigning to symbol MSM_DLOAD_MODE
arch/arm/configs/apq8084_sec_trlte_eur_defconfig:476:warning: override: reassigning to symbol MSM_JTAG
arch/arm/configs/apq8084_sec_trlte_eur_defconfig:478:warning: override: reassigning to symbol MSM_RUN_QUEUE_STATS
arch/arm/configs/apq8084_sec_trlte_eur_defconfig:484:warning: override: reassigning to symbol SEC_SSR_DEBUG_LEVEL_CHK
arch/arm/configs/apq8084_sec_trlte_eur_defconfig:485:warning: override: reassigning to symbol MSM_OCMEM
arch/arm/configs/apq8084_sec_trlte_eur_defconfig:486:warning: override: reassigning to symbol MSM_OCMEM_LOCAL_POWER_CTRL
arch/arm/configs/apq8084_sec_trlte_eur_defconfig:490:warning: override: reassigning to symbol MSM_CACHE_ERP
arch/arm/configs/apq8084_sec_trlte_eur_defconfig:491:warning: override: reassigning to symbol MSM_L1_ERR_PANIC
arch/arm/configs/apq8084_sec_trlte_eur_defconfig:493:warning: override: reassigning to symbol MSM_L1_ERR_LOG
arch/arm/configs/apq8084_sec_trlte_eur_defconfig:494:warning: override: reassigning to symbol MSM_L2_ERP_PRINT_ACCESS_ERRORS
arch/arm/configs/apq8084_sec_trlte_eur_defconfig:495:warning: override: reassigning to symbol MSM_L2_ERP_PORT_PANIC
arch/arm/configs/apq8084_sec_trlte_eur_defconfig:496:warning: override: reassigning to symbol MSM_L2_ERP_1BIT_PANIC
arch/arm/configs/apq8084_sec_trlte_eur_defconfig:497:warning: override: reassigning to symbol MSM_L2_ERP_2BIT_PANIC
arch/arm/configs/apq8084_sec_trlte_eur_defconfig:502:warning: override: reassigning to symbol MSM_HSIC_SYSMON
arch/arm/configs/apq8084_sec_trlte_eur_defconfig:504:warning: override: reassigning to symbol MSM_ENABLE_WDOG_DEBUG_CONTROL
arch/arm/configs/apq8084_sec_trlte_eur_defconfig:506:warning: override: reassigning to symbol MSM_BOOT_STATS
arch/arm/configs/apq8084_sec_trlte_eur_defconfig:507:warning: override: reassigning to symbol MSM_XPU_ERR_FATAL
arch/arm/configs/apq8084_sec_trlte_eur_defconfig:517:warning: override: reassigning to symbol BT_BCM4358
arch/arm/configs/apq8084_sec_trlte_eur_defconfig:518:warning: override: reassigning to symbol SEC_THERMISTOR
arch/arm/configs/apq8084_sec_trlte_eur_defconfig:560:warning: override: reassigning to symbol STRICT_MEMORY_RWX
arch/arm/configs/apq8084_sec_trlte_eur_defconfig:574:warning: override: reassigning to symbol ARM_ERRATA_754327
arch/arm/configs/apq8084_sec_trlte_eur_defconfig:583:warning: override: reassigning to symbol PCI
arch/arm/configs/apq8084_sec_trlte_eur_defconfig:587:warning: override: reassigning to symbol PCI_MSI
arch/arm/configs/apq8084_sec_trlte_eur_defconfig:600:warning: override: reassigning to symbol SMP
arch/arm/configs/apq8084_sec_trlte_eur_defconfig:601:warning: override: reassigning to symbol SMP_ON_UP
arch/arm/configs/apq8084_sec_trlte_eur_defconfig:603:warning: override: reassigning to symbol SCHED_MC
arch/arm/configs/apq8084_sec_trlte_eur_defconfig:619:warning: override: reassigning to symbol PREEMPT
arch/arm/configs/apq8084_sec_trlte_eur_defconfig:619:warning: override: PREEMPT changes choice state
arch/arm/configs/apq8084_sec_trlte_eur_defconfig:624:warning: override: reassigning to symbol AEABI
arch/arm/configs/apq8084_sec_trlte_eur_defconfig:629:warning: override: reassigning to symbol HIGHMEM
arch/arm/configs/apq8084_sec_trlte_eur_defconfig:662:warning: override: reassigning to symbol MIN_DIRTY_THRESH_PAGES
arch/arm/configs/apq8084_sec_trlte_eur_defconfig:663:warning: override: reassigning to symbol OOM_SCAN_WA_PREVENT_WRONG_SEARCH
arch/arm/configs/apq8084_sec_trlte_eur_defconfig:664:warning: override: reassigning to symbol SDP_CACHE_CLEANUP
arch/arm/configs/apq8084_sec_trlte_eur_defconfig:669:warning: override: reassigning to symbol ENABLE_VMALLOC_SAVING
arch/arm/configs/apq8084_sec_trlte_eur_defconfig:669:warning: override: ENABLE_VMALLOC_SAVING changes choice state
arch/arm/configs/apq8084_sec_trlte_eur_defconfig:674:warning: override: reassigning to symbol SECCOMP
arch/arm/configs/apq8084_sec_trlte_eur_defconfig:675:warning: override: reassigning to symbol CC_STACKPROTECTOR
arch/arm/configs/apq8084_sec_trlte_eur_defconfig:677:warning: override: reassigning to symbol CP_ACCESS
arch/arm/configs/apq8084_sec_trlte_eur_defconfig:703:warning: override: reassigning to symbol CPU_FREQ
arch/arm/configs/apq8084_sec_trlte_eur_defconfig:707:warning: override: reassigning to symbol CPU_FREQ_LIMIT
arch/arm/configs/apq8084_sec_trlte_eur_defconfig:760:warning: override: reassigning to symbol CPU_FREQ_GOV_POWERSAVE
arch/arm/configs/apq8084_sec_trlte_eur_defconfig:761:warning: override: reassigning to symbol CPU_FREQ_GOV_USERSPACE
arch/arm/configs/apq8084_sec_trlte_eur_defconfig:762:warning: override: reassigning to symbol CPU_FREQ_GOV_ONDEMAND
arch/arm/configs/apq8084_sec_trlte_eur_defconfig:763:warning: override: reassigning to symbol CPU_FREQ_GOV_INTERACTIVE
arch/arm/configs/apq8084_sec_trlte_eur_defconfig:764:warning: override: reassigning to symbol CPU_FREQ_GOV_CONSERVATIVE
arch/arm/configs/apq8084_sec_trlte_eur_defconfig:810:warning: override: reassigning to symbol CPU_BOOST
arch/arm/configs/apq8084_sec_trlte_eur_defconfig:822:warning: override: reassigning to symbol CPU_IDLE
arch/arm/configs/apq8084_sec_trlte_eur_defconfig:836:warning: override: reassigning to symbol VFP
arch/arm/configs/apq8084_sec_trlte_eur_defconfig:838:warning: override: reassigning to symbol NEON
arch/arm/configs/apq8084_sec_trlte_eur_defconfig:845:warning: override: reassigning to symbol CORE_DUMP_DEFAULT_ELF_HEADERS
arch/arm/configs/apq8084_sec_trlte_eur_defconfig:858:warning: override: reassigning to symbol CPU_FREQ_LIMIT_USERSPACE
arch/arm/configs/apq8084_sec_trlte_eur_defconfig:863:warning: override: reassigning to symbol PM_AUTOSLEEP
arch/arm/configs/apq8084_sec_trlte_eur_defconfig:864:warning: override: reassigning to symbol PM_WAKELOCKS
arch/arm/configs/apq8084_sec_trlte_eur_defconfig:865:warning: override: reassigning to symbol PM_WAKELOCKS_LIMIT
arch/arm/configs/apq8084_sec_trlte_eur_defconfig:866:warning: override: reassigning to symbol PM_WAKELOCKS_GC
arch/arm/configs/apq8084_sec_trlte_eur_defconfig:867:warning: override: reassigning to symbol PM_RUNTIME
arch/arm/configs/apq8084_sec_trlte_eur_defconfig:873:warning: override: reassigning to symbol SUSPEND_TIME
arch/arm/configs/apq8084_sec_trlte_eur_defconfig:877:warning: override: reassigning to symbol NET
arch/arm/configs/apq8084_sec_trlte_eur_defconfig:882:warning: override: reassigning to symbol PACKET
arch/arm/configs/apq8084_sec_trlte_eur_defconfig:884:warning: override: reassigning to symbol UNIX
arch/arm/configs/apq8084_sec_trlte_eur_defconfig:888:warning: override: reassigning to symbol XFRM_USER
arch/arm/configs/apq8084_sec_trlte_eur_defconfig:891:warning: override: reassigning to symbol XFRM_STATISTICS
arch/arm/configs/apq8084_sec_trlte_eur_defconfig:893:warning: override: reassigning to symbol NET_KEY
arch/arm/configs/apq8084_sec_trlte_eur_defconfig:895:warning: override: reassigning to symbol INET
arch/arm/configs/apq8084_sec_trlte_eur_defconfig:896:warning: override: reassigning to symbol IP_MULTICAST
arch/arm/configs/apq8084_sec_trlte_eur_defconfig:897:warning: override: reassigning to symbol IP_ADVANCED_ROUTER
arch/arm/configs/apq8084_sec_trlte_eur_defconfig:899:warning: override: reassigning to symbol IP_MULTIPLE_TABLES
arch/arm/configs/apq8084_sec_trlte_eur_defconfig:901:warning: override: reassigning to symbol IP_ROUTE_VERBOSE
arch/arm/configs/apq8084_sec_trlte_eur_defconfig:902:warning: override: reassigning to symbol IP_PNP
arch/arm/configs/apq8084_sec_trlte_eur_defconfig:903:warning: override: reassigning to symbol IP_PNP_DHCP
arch/arm/configs/apq8084_sec_trlte_eur_defconfig:913:warning: override: reassigning to symbol INET_AH
arch/arm/configs/apq8084_sec_trlte_eur_defconfig:914:warning: override: reassigning to symbol INET_ESP
arch/arm/configs/apq8084_sec_trlte_eur_defconfig:915:warning: override: reassigning to symbol INET_IPCOMP
arch/arm/configs/apq8084_sec_trlte_eur_defconfig:918:warning: override: reassigning to symbol INET_XFRM_MODE_TRANSPORT
arch/arm/configs/apq8084_sec_trlte_eur_defconfig:919:warning: override: reassigning to symbol INET_XFRM_MODE_TUNNEL
arch/arm/configs/apq8084_sec_trlte_eur_defconfig:920:warning: override: reassigning to symbol INET_XFRM_MODE_BEET
arch/arm/configs/apq8084_sec_trlte_eur_defconfig:921:warning: override: reassigning to symbol INET_LRO
arch/arm/configs/apq8084_sec_trlte_eur_defconfig:948:warning: override: reassigning to symbol IPV6
arch/arm/configs/apq8084_sec_trlte_eur_defconfig:949:warning: override: reassigning to symbol IPV6_PRIVACY
arch/arm/configs/apq8084_sec_trlte_eur_defconfig:950:warning: override: reassigning to symbol IPV6_ROUTER_PREF
arch/arm/configs/apq8084_sec_trlte_eur_defconfig:951:warning: override: reassigning to symbol IPV6_ROUTE_INFO
arch/arm/configs/apq8084_sec_trlte_eur_defconfig:952:warning: override: reassigning to symbol IPV6_OPTIMISTIC_DAD
arch/arm/configs/apq8084_sec_trlte_eur_defconfig:953:warning: override: reassigning to symbol INET6_AH
arch/arm/configs/apq8084_sec_trlte_eur_defconfig:954:warning: override: reassigning to symbol INET6_ESP
arch/arm/configs/apq8084_sec_trlte_eur_defconfig:955:warning: override: reassigning to symbol INET6_IPCOMP
arch/arm/configs/apq8084_sec_trlte_eur_defconfig:956:warning: override: reassigning to symbol IPV6_MIP6
arch/arm/configs/apq8084_sec_trlte_eur_defconfig:959:warning: override: reassigning to symbol INET6_XFRM_MODE_TRANSPORT
arch/arm/configs/apq8084_sec_trlte_eur_defconfig:960:warning: override: reassigning to symbol INET6_XFRM_MODE_TUNNEL
arch/arm/configs/apq8084_sec_trlte_eur_defconfig:961:warning: override: reassigning to symbol INET6_XFRM_MODE_BEET
arch/arm/configs/apq8084_sec_trlte_eur_defconfig:968:warning: override: reassigning to symbol IPV6_MULTIPLE_TABLES
arch/arm/configs/apq8084_sec_trlte_eur_defconfig:969:warning: override: reassigning to symbol IPV6_SUBTREES
arch/arm/configs/apq8084_sec_trlte_eur_defconfig:974:warning: override: reassigning to symbol NETWORK_SECMARK
arch/arm/configs/apq8084_sec_trlte_eur_defconfig:976:warning: override: reassigning to symbol NETFILTER
arch/arm/configs/apq8084_sec_trlte_eur_defconfig:978:warning: override: reassigning to symbol NETFILTER_ADVANCED
arch/arm/configs/apq8084_sec_trlte_eur_defconfig:988:warning: override: reassigning to symbol NF_CONNTRACK
arch/arm/configs/apq8084_sec_trlte_eur_defconfig:990:warning: override: reassigning to symbol NF_CONNTRACK_SECMARK
arch/arm/configs/apq8084_sec_trlte_eur_defconfig:993:warning: override: reassigning to symbol NF_CONNTRACK_EVENTS
arch/arm/configs/apq8084_sec_trlte_eur_defconfig:996:warning: override: reassigning to symbol NF_CT_PROTO_DCCP
arch/arm/configs/apq8084_sec_trlte_eur_defconfig:998:warning: override: reassigning to symbol NF_CT_PROTO_SCTP
arch/arm/configs/apq8084_sec_trlte_eur_defconfig:999:warning: override: reassigning to symbol NF_CT_PROTO_UDPLITE
arch/arm/configs/apq8084_sec_trlte_eur_defconfig:1000:warning: override: reassigning to symbol NF_CONNTRACK_AMANDA
arch/arm/configs/apq8084_sec_trlte_eur_defconfig:1001:warning: override: reassigning to symbol NF_CONNTRACK_FTP
arch/arm/configs/apq8084_sec_trlte_eur_defconfig:1002:warning: override: reassigning to symbol NF_CONNTRACK_H323
arch/arm/configs/apq8084_sec_trlte_eur_defconfig:1003:warning: override: reassigning to symbol NF_CONNTRACK_IRC
arch/arm/configs/apq8084_sec_trlte_eur_defconfig:1005:warning: override: reassigning to symbol NF_CONNTRACK_NETBIOS_NS
arch/arm/configs/apq8084_sec_trlte_eur_defconfig:1007:warning: override: reassigning to symbol NF_CONNTRACK_PPTP
arch/arm/configs/apq8084_sec_trlte_eur_defconfig:1008:warning: override: reassigning to symbol NF_CONNTRACK_SANE
arch/arm/configs/apq8084_sec_trlte_eur_defconfig:1010:warning: override: reassigning to symbol NF_CONNTRACK_TFTP
arch/arm/configs/apq8084_sec_trlte_eur_defconfig:1011:warning: override: reassigning to symbol NF_CT_NETLINK
arch/arm/configs/apq8084_sec_trlte_eur_defconfig:1024:warning: override: reassigning to symbol NETFILTER_TPROXY
arch/arm/configs/apq8084_sec_trlte_eur_defconfig:1025:warning: override: reassigning to symbol NETFILTER_XTABLES
arch/arm/configs/apq8084_sec_trlte_eur_defconfig:1038:warning: override: reassigning to symbol NETFILTER_XT_TARGET_CLASSIFY
arch/arm/configs/apq8084_sec_trlte_eur_defconfig:1039:warning: override: reassigning to symbol NETFILTER_XT_TARGET_CONNMARK
arch/arm/configs/apq8084_sec_trlte_eur_defconfig:1040:warning: override: reassigning to symbol NETFILTER_XT_TARGET_CONNSECMARK
arch/arm/configs/apq8084_sec_trlte_eur_defconfig:1045:warning: override: reassigning to symbol NETFILTER_XT_TARGET_IDLETIMER
arch/arm/configs/apq8084_sec_trlte_eur_defconfig:1047:warning: override: reassigning to symbol NETFILTER_XT_TARGET_LOG
arch/arm/configs/apq8084_sec_trlte_eur_defconfig:1048:warning: override: reassigning to symbol NETFILTER_XT_TARGET_MARK
arch/arm/configs/apq8084_sec_trlte_eur_defconfig:1050:warning: override: reassigning to symbol NETFILTER_XT_TARGET_NFLOG
arch/arm/configs/apq8084_sec_trlte_eur_defconfig:1051:warning: override: reassigning to symbol NETFILTER_XT_TARGET_NFQUEUE
arch/arm/configs/apq8084_sec_trlte_eur_defconfig:1052:warning: override: reassigning to symbol NETFILTER_XT_TARGET_NOTRACK
arch/arm/configs/apq8084_sec_trlte_eur_defconfig:1055:warning: override: reassigning to symbol NETFILTER_XT_TARGET_TEE
arch/arm/configs/apq8084_sec_trlte_eur_defconfig:1056:warning: override: reassigning to symbol NETFILTER_XT_TARGET_TPROXY
arch/arm/configs/apq8084_sec_trlte_eur_defconfig:1057:warning: override: reassigning to symbol NETFILTER_XT_TARGET_TRACE
arch/arm/configs/apq8084_sec_trlte_eur_defconfig:1058:warning: override: reassigning to symbol NETFILTER_XT_TARGET_SECMARK
arch/arm/configs/apq8084_sec_trlte_eur_defconfig:1059:warning: override: reassigning to symbol NETFILTER_XT_TARGET_TCPMSS
arch/arm/configs/apq8084_sec_trlte_eur_defconfig:1068:warning: override: reassigning to symbol NETFILTER_XT_MATCH_COMMENT
arch/arm/configs/apq8084_sec_trlte_eur_defconfig:1071:warning: override: reassigning to symbol NETFILTER_XT_MATCH_CONNLIMIT
arch/arm/configs/apq8084_sec_trlte_eur_defconfig:1072:warning: override: reassigning to symbol NETFILTER_XT_MATCH_CONNMARK
arch/arm/configs/apq8084_sec_trlte_eur_defconfig:1073:warning: override: reassigning to symbol NETFILTER_XT_MATCH_CONNTRACK
arch/arm/configs/apq8084_sec_trlte_eur_defconfig:1077:warning: override: reassigning to symbol NETFILTER_XT_MATCH_DSCP
arch/arm/configs/apq8084_sec_trlte_eur_defconfig:1080:warning: override: reassigning to symbol NETFILTER_XT_MATCH_HASHLIMIT
arch/arm/configs/apq8084_sec_trlte_eur_defconfig:1081:warning: override: reassigning to symbol NETFILTER_XT_MATCH_HELPER
arch/arm/configs/apq8084_sec_trlte_eur_defconfig:1083:warning: override: reassigning to symbol NETFILTER_XT_MATCH_IPRANGE
arch/arm/configs/apq8084_sec_trlte_eur_defconfig:1084:warning: override: reassigning to symbol NETFILTER_XT_MATCH_LENGTH
arch/arm/configs/apq8084_sec_trlte_eur_defconfig:1085:warning: override: reassigning to symbol NETFILTER_XT_MATCH_LIMIT
arch/arm/configs/apq8084_sec_trlte_eur_defconfig:1086:warning: override: reassigning to symbol NETFILTER_XT_MATCH_MAC
arch/arm/configs/apq8084_sec_trlte_eur_defconfig:1087:warning: override: reassigning to symbol NETFILTER_XT_MATCH_MARK
arch/arm/configs/apq8084_sec_trlte_eur_defconfig:1088:warning: override: reassigning to symbol NETFILTER_XT_MATCH_MULTIPORT
arch/arm/configs/apq8084_sec_trlte_eur_defconfig:1092:warning: override: reassigning to symbol NETFILTER_XT_MATCH_POLICY
arch/arm/configs/apq8084_sec_trlte_eur_defconfig:1094:warning: override: reassigning to symbol NETFILTER_XT_MATCH_PKTTYPE
arch/arm/configs/apq8084_sec_trlte_eur_defconfig:1095:warning: override: reassigning to symbol NETFILTER_XT_MATCH_QTAGUID
arch/arm/configs/apq8084_sec_trlte_eur_defconfig:1096:warning: override: reassigning to symbol NETFILTER_XT_MATCH_QUOTA
arch/arm/configs/apq8084_sec_trlte_eur_defconfig:1097:warning: override: reassigning to symbol NETFILTER_XT_MATCH_QUOTA2
arch/arm/configs/apq8084_sec_trlte_eur_defconfig:1098:warning: override: reassigning to symbol NETFILTER_XT_MATCH_QUOTA2_LOG
arch/arm/configs/apq8084_sec_trlte_eur_defconfig:1103:warning: override: reassigning to symbol NETFILTER_XT_MATCH_SOCKET
arch/arm/configs/apq8084_sec_trlte_eur_defconfig:1104:warning: override: reassigning to symbol NETFILTER_XT_MATCH_STATE
arch/arm/configs/apq8084_sec_trlte_eur_defconfig:1105:warning: override: reassigning to symbol NETFILTER_XT_MATCH_STATISTIC
arch/arm/configs/apq8084_sec_trlte_eur_defconfig:1106:warning: override: reassigning to symbol NETFILTER_XT_MATCH_STRING
arch/arm/configs/apq8084_sec_trlte_eur_defconfig:1108:warning: override: reassigning to symbol NETFILTER_XT_MATCH_TIME
arch/arm/configs/apq8084_sec_trlte_eur_defconfig:1109:warning: override: reassigning to symbol NETFILTER_XT_MATCH_U32
arch/arm/configs/apq8084_sec_trlte_eur_defconfig:1120:warning: override: reassigning to symbol NF_CONNTRACK_IPV4
arch/arm/configs/apq8084_sec_trlte_eur_defconfig:1122:warning: override: reassigning to symbol IP_NF_IPTABLES
arch/arm/configs/apq8084_sec_trlte_eur_defconfig:1123:warning: override: reassigning to symbol IP_NF_MATCH_AH
arch/arm/configs/apq8084_sec_trlte_eur_defconfig:1124:warning: override: reassigning to symbol IP_NF_MATCH_ECN
arch/arm/configs/apq8084_sec_trlte_eur_defconfig:1126:warning: override: reassigning to symbol IP_NF_MATCH_TTL
arch/arm/configs/apq8084_sec_trlte_eur_defconfig:1127:warning: override: reassigning to symbol IP_NF_FILTER
arch/arm/configs/apq8084_sec_trlte_eur_defconfig:1128:warning: override: reassigning to symbol IP_NF_TARGET_REJECT
arch/arm/configs/apq8084_sec_trlte_eur_defconfig:1129:warning: override: reassigning to symbol IP_NF_TARGET_REJECT_SKERR
arch/arm/configs/apq8084_sec_trlte_eur_defconfig:1131:warning: override: reassigning to symbol NF_NAT_IPV4
arch/arm/configs/apq8084_sec_trlte_eur_defconfig:1132:warning: override: reassigning to symbol IP_NF_TARGET_MASQUERADE
arch/arm/configs/apq8084_sec_trlte_eur_defconfig:1134:warning: override: reassigning to symbol IP_NF_TARGET_NETMAP
arch/arm/configs/apq8084_sec_trlte_eur_defconfig:1135:warning: override: reassigning to symbol IP_NF_TARGET_REDIRECT
arch/arm/configs/apq8084_sec_trlte_eur_defconfig:1139:warning: override: reassigning to symbol IP_NF_MANGLE
arch/arm/configs/apq8084_sec_trlte_eur_defconfig:1143:warning: override: reassigning to symbol IP_NF_RAW
arch/arm/configs/apq8084_sec_trlte_eur_defconfig:1144:warning: override: reassigning to symbol IP_NF_SECURITY
arch/arm/configs/apq8084_sec_trlte_eur_defconfig:1145:warning: override: reassigning to symbol IP_NF_ARPTABLES
arch/arm/configs/apq8084_sec_trlte_eur_defconfig:1146:warning: override: reassigning to symbol IP_NF_ARPFILTER
arch/arm/configs/apq8084_sec_trlte_eur_defconfig:1147:warning: override: reassigning to symbol IP_NF_ARP_MANGLE
arch/arm/configs/apq8084_sec_trlte_eur_defconfig:1153:warning: override: reassigning to symbol NF_CONNTRACK_IPV6
arch/arm/configs/apq8084_sec_trlte_eur_defconfig:1154:warning: override: reassigning to symbol IP6_NF_IPTABLES
arch/arm/configs/apq8084_sec_trlte_eur_defconfig:1165:warning: override: reassigning to symbol IP6_NF_FILTER
arch/arm/configs/apq8084_sec_trlte_eur_defconfig:1166:warning: override: reassigning to symbol IP6_NF_TARGET_REJECT
arch/arm/configs/apq8084_sec_trlte_eur_defconfig:1167:warning: override: reassigning to symbol IP6_NF_TARGET_REJECT_SKERR
arch/arm/configs/apq8084_sec_trlte_eur_defconfig:1168:warning: override: reassigning to symbol IP6_NF_MANGLE
arch/arm/configs/apq8084_sec_trlte_eur_defconfig:1169:warning: override: reassigning to symbol IP6_NF_RAW
arch/arm/configs/apq8084_sec_trlte_eur_defconfig:1172:warning: override: reassigning to symbol BRIDGE_NF_EBTABLES
arch/arm/configs/apq8084_sec_trlte_eur_defconfig:1173:warning: override: reassigning to symbol BRIDGE_EBT_BROUTE
arch/arm/configs/apq8084_sec_trlte_eur_defconfig:1199:warning: override: reassigning to symbol L2TP
arch/arm/configs/apq8084_sec_trlte_eur_defconfig:1200:warning: override: reassigning to symbol L2TP_DEBUGFS
arch/arm/configs/apq8084_sec_trlte_eur_defconfig:1201:warning: override: reassigning to symbol L2TP_V3
arch/arm/configs/apq8084_sec_trlte_eur_defconfig:1205:warning: override: reassigning to symbol BRIDGE
arch/arm/configs/apq8084_sec_trlte_eur_defconfig:1218:warning: override: reassigning to symbol NET_SCHED
arch/arm/configs/apq8084_sec_trlte_eur_defconfig:1224:warning: override: reassigning to symbol NET_SCH_HTB
arch/arm/configs/apq8084_sec_trlte_eur_defconfig:1226:warning: override: reassigning to symbol NET_SCH_PRIO
arch/arm/configs/apq8084_sec_trlte_eur_defconfig:1252:warning: override: reassigning to symbol NET_CLS_FW
arch/arm/configs/apq8084_sec_trlte_eur_defconfig:1253:warning: override: reassigning to symbol NET_CLS_U32
arch/arm/configs/apq8084_sec_trlte_eur_defconfig:1255:warning: override: reassigning to symbol CLS_U32_MARK
arch/arm/configs/apq8084_sec_trlte_eur_defconfig:1258:warning: override: reassigning to symbol NET_CLS_FLOW
arch/arm/configs/apq8084_sec_trlte_eur_defconfig:1260:warning: override: reassigning to symbol NET_EMATCH
arch/arm/configs/apq8084_sec_trlte_eur_defconfig:1262:warning: override: reassigning to symbol NET_EMATCH_CMP
arch/arm/configs/apq8084_sec_trlte_eur_defconfig:1263:warning: override: reassigning to symbol NET_EMATCH_NBYTE
arch/arm/configs/apq8084_sec_trlte_eur_defconfig:1264:warning: override: reassigning to symbol NET_EMATCH_U32
arch/arm/configs/apq8084_sec_trlte_eur_defconfig:1265:warning: override: reassigning to symbol NET_EMATCH_META
arch/arm/configs/apq8084_sec_trlte_eur_defconfig:1266:warning: override: reassigning to symbol NET_EMATCH_TEXT
arch/arm/configs/apq8084_sec_trlte_eur_defconfig:1267:warning: override: reassigning to symbol NET_CLS_ACT
arch/arm/configs/apq8084_sec_trlte_eur_defconfig:1286:warning: override: reassigning to symbol RMNET_DATA
arch/arm/configs/apq8084_sec_trlte_eur_defconfig:1287:warning: override: reassigning to symbol RMNET_DATA_FC
arch/arm/configs/apq8084_sec_trlte_eur_defconfig:1288:warning: override: reassigning to symbol RMNET_DATA_DEBUG_PKT
arch/arm/configs/apq8084_sec_trlte_eur_defconfig:1306:warning: override: reassigning to symbol BT
arch/arm/configs/apq8084_sec_trlte_eur_defconfig:1322:warning: override: reassigning to symbol MSM_BT_POWER
arch/arm/configs/apq8084_sec_trlte_eur_defconfig:1325:warning: override: reassigning to symbol WIRELESS
arch/arm/configs/apq8084_sec_trlte_eur_defconfig:1327:warning: override: reassigning to symbol WEXT_CORE
arch/arm/configs/apq8084_sec_trlte_eur_defconfig:1328:warning: override: reassigning to symbol WEXT_PROC
arch/arm/configs/apq8084_sec_trlte_eur_defconfig:1331:warning: override: reassigning to symbol CFG80211
arch/arm/configs/apq8084_sec_trlte_eur_defconfig:1336:warning: override: reassigning to symbol CFG80211_DEFAULT_PS
arch/arm/configs/apq8084_sec_trlte_eur_defconfig:1339:warning: override: reassigning to symbol CFG80211_WEXT
arch/arm/configs/apq8084_sec_trlte_eur_defconfig:1340:warning: override: reassigning to symbol WIRELESS_EXT_SYSFS
arch/arm/configs/apq8084_sec_trlte_eur_defconfig:1342:warning: override: reassigning to symbol CFG80211_ALLOW_RECONNECT
arch/arm/configs/apq8084_sec_trlte_eur_defconfig:1343:warning: override: reassigning to symbol CFG80211_REG_NOT_UPDATED
arch/arm/configs/apq8084_sec_trlte_eur_defconfig:1346:warning: override: reassigning to symbol RFKILL
arch/arm/configs/apq8084_sec_trlte_eur_defconfig:1356:warning: override: reassigning to symbol NFC_QNCI
arch/arm/configs/apq8084_sec_trlte_eur_defconfig:1357:warning: override: reassigning to symbol IPC_ROUTER
arch/arm/configs/apq8084_sec_trlte_eur_defconfig:1358:warning: override: reassigning to symbol IPC_ROUTER_SECURITY
arch/arm/configs/apq8084_sec_trlte_eur_defconfig:1372:warning: override: reassigning to symbol FW_LOADER
arch/arm/configs/apq8084_sec_trlte_eur_defconfig:1373:warning: override: reassigning to symbol FIRMWARE_IN_KERNEL
arch/arm/configs/apq8084_sec_trlte_eur_defconfig:1385:warning: override: reassigning to symbol CMA
arch/arm/configs/apq8084_sec_trlte_eur_defconfig:1427:warning: override: reassigning to symbol OF_SUBCMDLINE_PARSE
arch/arm/configs/apq8084_sec_trlte_eur_defconfig:1438:warning: override: reassigning to symbol BLK_DEV_LOOP
arch/arm/configs/apq8084_sec_trlte_eur_defconfig:1445:warning: override: reassigning to symbol BLK_DEV_RAM
arch/arm/configs/apq8084_sec_trlte_eur_defconfig:1447:warning: override: reassigning to symbol BLK_DEV_RAM_SIZE
arch/arm/configs/apq8084_sec_trlte_eur_defconfig:1482:warning: override: reassigning to symbol UID_STAT
arch/arm/configs/apq8084_sec_trlte_eur_defconfig:1489:warning: override: reassigning to symbol HAPTIC_ISA1200
arch/arm/configs/apq8084_sec_trlte_eur_defconfig:1490:warning: override: reassigning to symbol QSEECOM
arch/arm/configs/apq8084_sec_trlte_eur_defconfig:1492:warning: override: reassigning to symbol QPNP_MISC
arch/arm/configs/apq8084_sec_trlte_eur_defconfig:1493:warning: override: reassigning to symbol SEC_MISC
arch/arm/configs/apq8084_sec_trlte_eur_defconfig:1494:warning: override: reassigning to symbol TI_DRV2667
arch/arm/configs/apq8084_sec_trlte_eur_defconfig:1495:warning: override: reassigning to symbol APQ8084_DOCKING_STATION
arch/arm/configs/apq8084_sec_trlte_eur_defconfig:1496:warning: override: reassigning to symbol UID_CPUTIME
arch/arm/configs/apq8084_sec_trlte_eur_defconfig:1543:warning: override: reassigning to symbol SCSI_TGT
arch/arm/configs/apq8084_sec_trlte_eur_defconfig:1550:warning: override: reassigning to symbol BLK_DEV_SD
arch/arm/configs/apq8084_sec_trlte_eur_defconfig:1554:warning: override: reassigning to symbol CHR_DEV_SG
arch/arm/configs/apq8084_sec_trlte_eur_defconfig:1555:warning: override: reassigning to symbol CHR_DEV_SCH
arch/arm/configs/apq8084_sec_trlte_eur_defconfig:1556:warning: override: reassigning to symbol SCSI_MULTI_LUN
arch/arm/configs/apq8084_sec_trlte_eur_defconfig:1557:warning: override: reassigning to symbol SCSI_CONSTANTS
arch/arm/configs/apq8084_sec_trlte_eur_defconfig:1558:warning: override: reassigning to symbol SCSI_LOGGING
arch/arm/configs/apq8084_sec_trlte_eur_defconfig:1559:warning: override: reassigning to symbol SCSI_SCAN_ASYNC
arch/arm/configs/apq8084_sec_trlte_eur_defconfig:1596:warning: override: reassigning to symbol SCSI_UFSHCD
arch/arm/configs/apq8084_sec_trlte_eur_defconfig:1598:warning: override: reassigning to symbol SCSI_UFSHCD_PLATFORM
arch/arm/configs/apq8084_sec_trlte_eur_defconfig:1599:warning: override: reassigning to symbol SCSI_UFS_MSM
arch/arm/configs/apq8084_sec_trlte_eur_defconfig:1600:warning: override: reassigning to symbol SCSI_UFS_TEST
arch/arm/configs/apq8084_sec_trlte_eur_defconfig:1628:warning: override: reassigning to symbol ATA
arch/arm/configs/apq8084_sec_trlte_eur_defconfig:1638:warning: override: reassigning to symbol SATA_AHCI_MSM
arch/arm/configs/apq8084_sec_trlte_eur_defconfig:1723:warning: override: reassigning to symbol MD
arch/arm/configs/apq8084_sec_trlte_eur_defconfig:1727:warning: override: reassigning to symbol BLK_DEV_DM
arch/arm/configs/apq8084_sec_trlte_eur_defconfig:1729:warning: override: reassigning to symbol DM_CRYPT
arch/arm/configs/apq8084_sec_trlte_eur_defconfig:1739:warning: override: reassigning to symbol DM_UEVENT
arch/arm/configs/apq8084_sec_trlte_eur_defconfig:1751:warning: override: reassigning to symbol NETDEVICES
arch/arm/configs/apq8084_sec_trlte_eur_defconfig:1752:warning: override: reassigning to symbol NET_CORE
arch/arm/configs/apq8084_sec_trlte_eur_defconfig:1754:warning: override: reassigning to symbol DUMMY
arch/arm/configs/apq8084_sec_trlte_eur_defconfig:1765:warning: override: reassigning to symbol TUN
arch/arm/configs/apq8084_sec_trlte_eur_defconfig:1792:warning: override: reassigning to symbol NET_VENDOR_ATHEROS
arch/arm/configs/apq8084_sec_trlte_eur_defconfig:1796:warning: override: reassigning to symbol ATL1C
arch/arm/configs/apq8084_sec_trlte_eur_defconfig:1856:warning: override: reassigning to symbol KS8851
arch/arm/configs/apq8084_sec_trlte_eur_defconfig:1949:warning: override: reassigning to symbol PPP
arch/arm/configs/apq8084_sec_trlte_eur_defconfig:1950:warning: override: reassigning to symbol PPP_BSDCOMP
arch/arm/configs/apq8084_sec_trlte_eur_defconfig:1951:warning: override: reassigning to symbol PPP_DEFLATE
arch/arm/configs/apq8084_sec_trlte_eur_defconfig:1952:warning: override: reassigning to symbol PPP_FILTER
arch/arm/configs/apq8084_sec_trlte_eur_defconfig:1953:warning: override: reassigning to symbol PPP_MPPE
arch/arm/configs/apq8084_sec_trlte_eur_defconfig:1954:warning: override: reassigning to symbol PPP_MULTILINK
arch/arm/configs/apq8084_sec_trlte_eur_defconfig:1955:warning: override: reassigning to symbol PPPOE
arch/arm/configs/apq8084_sec_trlte_eur_defconfig:1956:warning: override: reassigning to symbol PPPOL2TP
arch/arm/configs/apq8084_sec_trlte_eur_defconfig:1957:warning: override: reassigning to symbol PPPOLAC
arch/arm/configs/apq8084_sec_trlte_eur_defconfig:1958:warning: override: reassigning to symbol PPPOPNS
arch/arm/configs/apq8084_sec_trlte_eur_defconfig:1959:warning: override: reassigning to symbol PPP_ASYNC
arch/arm/configs/apq8084_sec_trlte_eur_defconfig:1960:warning: override: reassigning to symbol PPP_SYNC_TTY
arch/arm/configs/apq8084_sec_trlte_eur_defconfig:1961:warning: override: reassigning to symbol SLIP
arch/arm/configs/apq8084_sec_trlte_eur_defconfig:1963:warning: override: reassigning to symbol SLIP_COMPRESSED
arch/arm/configs/apq8084_sec_trlte_eur_defconfig:1965:warning: override: reassigning to symbol SLIP_MODE_SLIP6
arch/arm/configs/apq8084_sec_trlte_eur_defconfig:1975:warning: override: reassigning to symbol USB_USBNET
arch/arm/configs/apq8084_sec_trlte_eur_defconfig:1983:warning: override: reassigning to symbol USB_NET_SMSC75XX
arch/arm/configs/apq8084_sec_trlte_eur_defconfig:1984:warning: override: reassigning to symbol USB_NET_SMSC95XX
arch/arm/configs/apq8084_sec_trlte_eur_defconfig:2006:warning: override: reassigning to symbol MSM_RMNET_USB
arch/arm/configs/apq8084_sec_trlte_eur_defconfig:2007:warning: override: reassigning to symbol WLAN
arch/arm/configs/apq8084_sec_trlte_eur_defconfig:2017:warning: override: reassigning to symbol CLD_LL_CORE
arch/arm/configs/apq8084_sec_trlte_eur_defconfig:2020:warning: override: reassigning to symbol BROADCOM_WIFI
arch/arm/configs/apq8084_sec_trlte_eur_defconfig:2027:warning: override: reassigning to symbol BCM4358
arch/arm/configs/apq8084_sec_trlte_eur_defconfig:2030:warning: override: reassigning to symbol BCMDHD_FW_PATH
arch/arm/configs/apq8084_sec_trlte_eur_defconfig:2031:warning: override: reassigning to symbol BCMDHD_NVRAM_PATH
arch/arm/configs/apq8084_sec_trlte_eur_defconfig:2032:warning: override: reassigning to symbol BROADCOM_WIFI_RESERVED_MEM
arch/arm/configs/apq8084_sec_trlte_eur_defconfig:2033:warning: override: reassigning to symbol WLAN_REGION_CODE
arch/arm/configs/apq8084_sec_trlte_eur_defconfig:2036:warning: override: reassigning to symbol BCMDHD_PCIE
arch/arm/configs/apq8084_sec_trlte_eur_defconfig:2072:warning: override: reassigning to symbol INPUT_EVDEV
arch/arm/configs/apq8084_sec_trlte_eur_defconfig:2073:warning: override: reassigning to symbol INPUT_EVBUG
arch/arm/configs/apq8084_sec_trlte_eur_defconfig:2074:warning: override: reassigning to symbol INPUT_KEYRESET
arch/arm/configs/apq8084_sec_trlte_eur_defconfig:2089:warning: override: reassigning to symbol KEYBOARD_GPIO
arch/arm/configs/apq8084_sec_trlte_eur_defconfig:2109:warning: override: reassigning to symbol INPUT_MOUSE
arch/arm/configs/apq8084_sec_trlte_eur_defconfig:2110:warning: override: reassigning to symbol INPUT_JOYSTICK
arch/arm/configs/apq8084_sec_trlte_eur_defconfig:2132:warning: override: reassigning to symbol JOYSTICK_XPAD
arch/arm/configs/apq8084_sec_trlte_eur_defconfig:2133:warning: override: reassigning to symbol JOYSTICK_XPAD_FF
arch/arm/configs/apq8084_sec_trlte_eur_defconfig:2134:warning: override: reassigning to symbol JOYSTICK_XPAD_LEDS
arch/arm/configs/apq8084_sec_trlte_eur_defconfig:2135:warning: override: reassigning to symbol INPUT_TABLET
arch/arm/configs/apq8084_sec_trlte_eur_defconfig:2136:warning: override: reassigning to symbol INPUT_TOUCHSCREEN
arch/arm/configs/apq8084_sec_trlte_eur_defconfig:2187:warning: override: reassigning to symbol INPUT_MISC
arch/arm/configs/apq8084_sec_trlte_eur_defconfig:2195:warning: override: reassigning to symbol INPUT_KEYCHORD
arch/arm/configs/apq8084_sec_trlte_eur_defconfig:2201:warning: override: reassigning to symbol INPUT_UINPUT
arch/arm/configs/apq8084_sec_trlte_eur_defconfig:2202:warning: override: reassigning to symbol INPUT_GPIO
arch/arm/configs/apq8084_sec_trlte_eur_defconfig:2233:warning: override: reassigning to symbol VT
arch/arm/configs/apq8084_sec_trlte_eur_defconfig:2241:warning: override: reassigning to symbol LEGACY_PTYS
arch/arm/configs/apq8084_sec_trlte_eur_defconfig:2247:warning: override: reassigning to symbol TTY_WAITQUEUE_DOUBLE_CHECK
arch/arm/configs/apq8084_sec_trlte_eur_defconfig:2248:warning: override: reassigning to symbol DEVMEM
arch/arm/configs/apq8084_sec_trlte_eur_defconfig:2249:warning: override: reassigning to symbol DEVKMEM
arch/arm/configs/apq8084_sec_trlte_eur_defconfig:2266:warning: override: reassigning to symbol SERIAL_MSM_HS
arch/arm/configs/apq8084_sec_trlte_eur_defconfig:2267:warning: override: reassigning to symbol SERIAL_MSM_HS_LENTIS
arch/arm/configs/apq8084_sec_trlte_eur_defconfig:2268:warning: override: reassigning to symbol SERIAL_MSM_HSL
arch/arm/configs/apq8084_sec_trlte_eur_defconfig:2269:warning: override: reassigning to symbol SERIAL_MSM_HSL_CONSOLE
arch/arm/configs/apq8084_sec_trlte_eur_defconfig:2277:warning: override: reassigning to symbol SERIAL_MSM_SMD
arch/arm/configs/apq8084_sec_trlte_eur_defconfig:2285:warning: override: reassigning to symbol DIAG_CHAR
arch/arm/configs/apq8084_sec_trlte_eur_defconfig:2299:warning: override: reassigning to symbol HW_RANDOM
arch/arm/configs/apq8084_sec_trlte_eur_defconfig:2303:warning: override: reassigning to symbol HW_RANDOM_MSM
arch/arm/configs/apq8084_sec_trlte_eur_defconfig:2309:warning: override: reassigning to symbol MSM_SMD_PKT
arch/arm/configs/apq8084_sec_trlte_eur_defconfig:2310:warning: override: reassigning to symbol MSM_ADSPRPC
arch/arm/configs/apq8084_sec_trlte_eur_defconfig:2312:warning: override: reassigning to symbol I2C
arch/arm/configs/apq8084_sec_trlte_eur_defconfig:2315:warning: override: reassigning to symbol I2C_CHARDEV
arch/arm/configs/apq8084_sec_trlte_eur_defconfig:2349:warning: override: reassigning to symbol I2C_GPIO
arch/arm/configs/apq8084_sec_trlte_eur_defconfig:2351:warning: override: reassigning to symbol I2C_QUP
arch/arm/configs/apq8084_sec_trlte_eur_defconfig:2376:warning: override: reassigning to symbol SLIMBUS_MSM_NGD
arch/arm/configs/apq8084_sec_trlte_eur_defconfig:2377:warning: override: reassigning to symbol SPI
arch/arm/configs/apq8084_sec_trlte_eur_defconfig:2395:warning: override: reassigning to symbol SPI_QUP
arch/arm/configs/apq8084_sec_trlte_eur_defconfig:2401:warning: override: reassigning to symbol SPI_SPIDEV
arch/arm/configs/apq8084_sec_trlte_eur_defconfig:2403:warning: override: reassigning to symbol SPMI
arch/arm/configs/apq8084_sec_trlte_eur_defconfig:2404:warning: override: reassigning to symbol SPMI_MSM_PMIC_ARB
arch/arm/configs/apq8084_sec_trlte_eur_defconfig:2405:warning: override: reassigning to symbol MSM_QPNP_INT
arch/arm/configs/apq8084_sec_trlte_eur_defconfig:2451:warning: override: reassigning to symbol DEBUG_GPIO
arch/arm/configs/apq8084_sec_trlte_eur_defconfig:2452:warning: override: reassigning to symbol GPIO_SYSFS
arch/arm/configs/apq8084_sec_trlte_eur_defconfig:2499:warning: override: reassigning to symbol GPIO_QPNP_PIN
arch/arm/configs/apq8084_sec_trlte_eur_defconfig:2500:warning: override: reassigning to symbol GPIO_QPNP_PIN_DEBUG
arch/arm/configs/apq8084_sec_trlte_eur_defconfig:2649:warning: override: reassigning to symbol SENSORS_EPM_ADC
arch/arm/configs/apq8084_sec_trlte_eur_defconfig:2650:warning: override: reassigning to symbol SENSORS_QPNP_ADC_VOLTAGE
arch/arm/configs/apq8084_sec_trlte_eur_defconfig:2651:warning: override: reassigning to symbol SENSORS_QPNP_ADC_CURRENT
arch/arm/configs/apq8084_sec_trlte_eur_defconfig:2690:warning: override: reassigning to symbol THERMAL
arch/arm/configs/apq8084_sec_trlte_eur_defconfig:2700:warning: override: reassigning to symbol THERMAL_TSENS8974
arch/arm/configs/apq8084_sec_trlte_eur_defconfig:2701:warning: override: reassigning to symbol THERMAL_MONITOR
arch/arm/configs/apq8084_sec_trlte_eur_defconfig:2702:warning: override: INTELLI_THERMAL changes choice state
arch/arm/configs/apq8084_sec_trlte_eur_defconfig:2703:warning: override: reassigning to symbol THERMAL_QPNP
arch/arm/configs/apq8084_sec_trlte_eur_defconfig:2704:warning: override: reassigning to symbol THERMAL_QPNP_ADC_TM
arch/arm/configs/apq8084_sec_trlte_eur_defconfig:2802:warning: override: reassigning to symbol WCD9320_CODEC
arch/arm/configs/apq8084_sec_trlte_eur_defconfig:2807:warning: override: reassigning to symbol REGULATOR_FIXED_VOLTAGE
arch/arm/configs/apq8084_sec_trlte_eur_defconfig:2810:warning: override: reassigning to symbol REGULATOR_PROXY_CONSUMER
arch/arm/configs/apq8084_sec_trlte_eur_defconfig:2833:warning: override: reassigning to symbol REGULATOR_STUB
arch/arm/configs/apq8084_sec_trlte_eur_defconfig:2835:warning: override: reassigning to symbol REGULATOR_QPNP
arch/arm/configs/apq8084_sec_trlte_eur_defconfig:2836:warning: override: reassigning to symbol MEDIA_SUPPORT
arch/arm/configs/apq8084_sec_trlte_eur_defconfig:2841:warning: override: reassigning to symbol MEDIA_CAMERA_SUPPORT
arch/arm/configs/apq8084_sec_trlte_eur_defconfig:2842:warning: override: reassigning to symbol MEDIA_ANALOG_TV_SUPPORT
arch/arm/configs/apq8084_sec_trlte_eur_defconfig:2843:warning: override: reassigning to symbol MEDIA_DIGITAL_TV_SUPPORT
arch/arm/configs/apq8084_sec_trlte_eur_defconfig:2844:warning: override: reassigning to symbol MEDIA_RADIO_SUPPORT
arch/arm/configs/apq8084_sec_trlte_eur_defconfig:2846:warning: override: reassigning to symbol MEDIA_CONTROLLER
arch/arm/configs/apq8084_sec_trlte_eur_defconfig:2848:warning: override: reassigning to symbol VIDEO_V4L2_SUBDEV_API
arch/arm/configs/apq8084_sec_trlte_eur_defconfig:2857:warning: override: reassigning to symbol VIDEOBUF2_MSM_MEM
arch/arm/configs/apq8084_sec_trlte_eur_defconfig:2869:warning: override: reassigning to symbol MEDIA_USB_SUPPORT
arch/arm/configs/apq8084_sec_trlte_eur_defconfig:2874:warning: override: reassigning to symbol USB_VIDEO_CLASS
arch/arm/configs/apq8084_sec_trlte_eur_defconfig:2957:warning: override: reassigning to symbol V4L_PLATFORM_DRIVERS
arch/arm/configs/apq8084_sec_trlte_eur_defconfig:2967:warning: override: reassigning to symbol MSMB_CAMERA
arch/arm/configs/apq8084_sec_trlte_eur_defconfig:2977:warning: override: reassigning to symbol MSM_CAMERA_SENSOR
arch/arm/configs/apq8084_sec_trlte_eur_defconfig:2978:warning: override: reassigning to symbol MSM_CPP
arch/arm/configs/apq8084_sec_trlte_eur_defconfig:2979:warning: override: reassigning to symbol MSM_CCI
arch/arm/configs/apq8084_sec_trlte_eur_defconfig:2983:warning: override: reassigning to symbol MSM_CSI31_HEADER
arch/arm/configs/apq8084_sec_trlte_eur_defconfig:2984:warning: override: reassigning to symbol MSM_CSIPHY
arch/arm/configs/apq8084_sec_trlte_eur_defconfig:2985:warning: override: reassigning to symbol MSM_CSID
arch/arm/configs/apq8084_sec_trlte_eur_defconfig:2986:warning: override: reassigning to symbol MSM_EEPROM
arch/arm/configs/apq8084_sec_trlte_eur_defconfig:2987:warning: override: reassigning to symbol MSM_ISPIF
arch/arm/configs/apq8084_sec_trlte_eur_defconfig:2997:warning: override: reassigning to symbol MSMB_JPEG
arch/arm/configs/apq8084_sec_trlte_eur_defconfig:3001:warning: override: reassigning to symbol MSM_VIDC_V4L2
arch/arm/configs/apq8084_sec_trlte_eur_defconfig:3002:warning: override: reassigning to symbol MSM_WFD
arch/arm/configs/apq8084_sec_trlte_eur_defconfig:3004:warning: override: reassigning to symbol DVB_MPQ
arch/arm/configs/apq8084_sec_trlte_eur_defconfig:3005:warning: override: reassigning to symbol DVB_MPQ_DEMUX
arch/arm/configs/apq8084_sec_trlte_eur_defconfig:3010:warning: override: reassigning to symbol TSPP
arch/arm/configs/apq8084_sec_trlte_eur_defconfig:3012:warning: override: reassigning to symbol MSM_VPU
arch/arm/configs/apq8084_sec_trlte_eur_defconfig:3151:warning: override: reassigning to symbol MSM_KGSL
arch/arm/configs/apq8084_sec_trlte_eur_defconfig:3154:warning: override: reassigning to symbol KGSL_PER_PROCESS_PAGE_TABLE
arch/arm/configs/apq8084_sec_trlte_eur_defconfig:3157:warning: override: reassigning to symbol FB
arch/arm/configs/apq8084_sec_trlte_eur_defconfig:3207:warning: override: reassigning to symbol FB_VIRTUAL
arch/arm/configs/apq8084_sec_trlte_eur_defconfig:3222:warning: override: reassigning to symbol SII8620_MHL_TX
arch/arm/configs/apq8084_sec_trlte_eur_defconfig:3224:warning: override: reassigning to symbol FB_MSM
arch/arm/configs/apq8084_sec_trlte_eur_defconfig:3225:warning: override: reassigning to symbol FB_MSM_BACKLIGHT
arch/arm/configs/apq8084_sec_trlte_eur_defconfig:3234:warning: override: reassigning to symbol FB_MSM_MDSS
arch/arm/configs/apq8084_sec_trlte_eur_defconfig:3234:warning: override: FB_MSM_MDSS changes choice state
arch/arm/configs/apq8084_sec_trlte_eur_defconfig:3270:warning: override: reassigning to symbol FB_MSM_MDSS_WRITEBACK
arch/arm/configs/apq8084_sec_trlte_eur_defconfig:3271:warning: override: reassigning to symbol FB_MSM_MDSS_HDMI_PANEL
arch/arm/configs/apq8084_sec_trlte_eur_defconfig:3272:warning: override: reassigning to symbol FB_MSM_MDSS_HDMI_MHL_SII8334
arch/arm/configs/apq8084_sec_trlte_eur_defconfig:3276:warning: override: reassigning to symbol MDNIE_LITE_TUNING
arch/arm/configs/apq8084_sec_trlte_eur_defconfig:3285:warning: override: reassigning to symbol FB_MSM_MDSS_DSI_DBG
arch/arm/configs/apq8084_sec_trlte_eur_defconfig:3286:warning: override: reassigning to symbol FB_MSM_MDSS_FENCE_DBG
arch/arm/configs/apq8084_sec_trlte_eur_defconfig:3295:warning: override: reassigning to symbol FB_MSM_MDSS_SAMSUNG
arch/arm/configs/apq8084_sec_trlte_eur_defconfig:3311:warning: override: reassigning to symbol BACKLIGHT_LCD_SUPPORT
arch/arm/configs/apq8084_sec_trlte_eur_defconfig:3312:warning: override: reassigning to symbol LCD_CLASS_DEVICE
arch/arm/configs/apq8084_sec_trlte_eur_defconfig:3326:warning: override: reassigning to symbol BACKLIGHT_CLASS_DEVICE
arch/arm/configs/apq8084_sec_trlte_eur_defconfig:3327:warning: override: reassigning to symbol BACKLIGHT_GENERIC
arch/arm/configs/apq8084_sec_trlte_eur_defconfig:3343:warning: override: reassigning to symbol SOUND
arch/arm/configs/apq8084_sec_trlte_eur_defconfig:3345:warning: override: reassigning to symbol SND
arch/arm/configs/apq8084_sec_trlte_eur_defconfig:3349:warning: override: reassigning to symbol SND_RAWMIDI
arch/arm/configs/apq8084_sec_trlte_eur_defconfig:3440:warning: override: reassigning to symbol SND_USB_AUDIO
arch/arm/configs/apq8084_sec_trlte_eur_defconfig:3444:warning: override: reassigning to symbol SND_SOC
arch/arm/configs/apq8084_sec_trlte_eur_defconfig:3461:warning: override: reassigning to symbol SND_SOC_APQ8084
arch/arm/configs/apq8084_sec_trlte_eur_defconfig:3462:warning: override: reassigning to symbol SEC_SOLUTION
arch/arm/configs/apq8084_sec_trlte_eur_defconfig:3477:warning: override: reassigning to symbol SND_SOC_ES705
arch/arm/configs/apq8084_sec_trlte_eur_defconfig:3479:warning: override: reassigning to symbol SND_SOC_MSM_HDMI_CODEC_RX
arch/arm/configs/apq8084_sec_trlte_eur_defconfig:3488:warning: override: reassigning to symbol HID
arch/arm/configs/apq8084_sec_trlte_eur_defconfig:3490:warning: override: reassigning to symbol HIDRAW
arch/arm/configs/apq8084_sec_trlte_eur_defconfig:3491:warning: override: reassigning to symbol UHID
arch/arm/configs/apq8084_sec_trlte_eur_defconfig:3497:warning: override: reassigning to symbol HID_A4TECH
arch/arm/configs/apq8084_sec_trlte_eur_defconfig:3498:warning: override: reassigning to symbol HID_ACRUX
arch/arm/configs/apq8084_sec_trlte_eur_defconfig:3499:warning: override: reassigning to symbol HID_ACRUX_FF
arch/arm/configs/apq8084_sec_trlte_eur_defconfig:3500:warning: override: reassigning to symbol HID_APPLE
arch/arm/configs/apq8084_sec_trlte_eur_defconfig:3503:warning: override: reassigning to symbol HID_BELKIN
arch/arm/configs/apq8084_sec_trlte_eur_defconfig:3504:warning: override: reassigning to symbol HID_CHERRY
arch/arm/configs/apq8084_sec_trlte_eur_defconfig:3505:warning: override: reassigning to symbol HID_CHICONY
arch/arm/configs/apq8084_sec_trlte_eur_defconfig:3506:warning: override: reassigning to symbol HID_PRODIKEYS
arch/arm/configs/apq8084_sec_trlte_eur_defconfig:3507:warning: override: reassigning to symbol HID_CYPRESS
arch/arm/configs/apq8084_sec_trlte_eur_defconfig:3508:warning: override: reassigning to symbol HID_DRAGONRISE
arch/arm/configs/apq8084_sec_trlte_eur_defconfig:3509:warning: override: reassigning to symbol DRAGONRISE_FF
arch/arm/configs/apq8084_sec_trlte_eur_defconfig:3510:warning: override: reassigning to symbol HID_EMS_FF
arch/arm/configs/apq8084_sec_trlte_eur_defconfig:3511:warning: override: reassigning to symbol HID_ELECOM
arch/arm/configs/apq8084_sec_trlte_eur_defconfig:3512:warning: override: reassigning to symbol HID_EZKEY
arch/arm/configs/apq8084_sec_trlte_eur_defconfig:3513:warning: override: reassigning to symbol HID_HOLTEK
arch/arm/configs/apq8084_sec_trlte_eur_defconfig:3515:warning: override: reassigning to symbol HID_KEYTOUCH
arch/arm/configs/apq8084_sec_trlte_eur_defconfig:3516:warning: override: reassigning to symbol HID_KYE
arch/arm/configs/apq8084_sec_trlte_eur_defconfig:3517:warning: override: reassigning to symbol HID_UCLOGIC
arch/arm/configs/apq8084_sec_trlte_eur_defconfig:3518:warning: override: reassigning to symbol HID_WALTOP
arch/arm/configs/apq8084_sec_trlte_eur_defconfig:3519:warning: override: reassigning to symbol HID_GYRATION
arch/arm/configs/apq8084_sec_trlte_eur_defconfig:3521:warning: override: reassigning to symbol HID_TWINHAN
arch/arm/configs/apq8084_sec_trlte_eur_defconfig:3522:warning: override: reassigning to symbol HID_KENSINGTON
arch/arm/configs/apq8084_sec_trlte_eur_defconfig:3523:warning: override: reassigning to symbol HID_LCPOWER
arch/arm/configs/apq8084_sec_trlte_eur_defconfig:3525:warning: override: reassigning to symbol HID_LOGITECH
arch/arm/configs/apq8084_sec_trlte_eur_defconfig:3526:warning: override: reassigning to symbol HID_LOGITECH_DJ
arch/arm/configs/apq8084_sec_trlte_eur_defconfig:3527:warning: override: reassigning to symbol LOGITECH_FF
arch/arm/configs/apq8084_sec_trlte_eur_defconfig:3528:warning: override: reassigning to symbol LOGIRUMBLEPAD2_FF
arch/arm/configs/apq8084_sec_trlte_eur_defconfig:3529:warning: override: reassigning to symbol LOGIG940_FF
arch/arm/configs/apq8084_sec_trlte_eur_defconfig:3531:warning: override: reassigning to symbol HID_MAGICMOUSE
arch/arm/configs/apq8084_sec_trlte_eur_defconfig:3532:warning: override: reassigning to symbol HID_MICROSOFT
arch/arm/configs/apq8084_sec_trlte_eur_defconfig:3533:warning: override: reassigning to symbol HID_MONTEREY
arch/arm/configs/apq8084_sec_trlte_eur_defconfig:3534:warning: override: reassigning to symbol HID_MULTITOUCH
arch/arm/configs/apq8084_sec_trlte_eur_defconfig:3536:warning: override: reassigning to symbol HID_ORTEK
arch/arm/configs/apq8084_sec_trlte_eur_defconfig:3537:warning: override: reassigning to symbol HID_PANTHERLORD
arch/arm/configs/apq8084_sec_trlte_eur_defconfig:3538:warning: override: reassigning to symbol PANTHERLORD_FF
arch/arm/configs/apq8084_sec_trlte_eur_defconfig:3539:warning: override: reassigning to symbol HID_PETALYNX
arch/arm/configs/apq8084_sec_trlte_eur_defconfig:3540:warning: override: reassigning to symbol HID_PICOLCD
arch/arm/configs/apq8084_sec_trlte_eur_defconfig:3545:warning: override: reassigning to symbol HID_PRIMAX
arch/arm/configs/apq8084_sec_trlte_eur_defconfig:3547:warning: override: reassigning to symbol HID_ROCCAT
arch/arm/configs/apq8084_sec_trlte_eur_defconfig:3548:warning: override: reassigning to symbol HID_SAITEK
arch/arm/configs/apq8084_sec_trlte_eur_defconfig:3549:warning: override: reassigning to symbol HID_SAMSUNG
arch/arm/configs/apq8084_sec_trlte_eur_defconfig:3550:warning: override: reassigning to symbol HID_SONY
arch/arm/configs/apq8084_sec_trlte_eur_defconfig:3551:warning: override: reassigning to symbol HID_SPEEDLINK
arch/arm/configs/apq8084_sec_trlte_eur_defconfig:3553:warning: override: reassigning to symbol HID_SUNPLUS
arch/arm/configs/apq8084_sec_trlte_eur_defconfig:3554:warning: override: reassigning to symbol HID_GREENASIA
arch/arm/configs/apq8084_sec_trlte_eur_defconfig:3555:warning: override: reassigning to symbol GREENASIA_FF
arch/arm/configs/apq8084_sec_trlte_eur_defconfig:3556:warning: override: reassigning to symbol HID_SMARTJOYPLUS
arch/arm/configs/apq8084_sec_trlte_eur_defconfig:3557:warning: override: reassigning to symbol SMARTJOYPLUS_FF
arch/arm/configs/apq8084_sec_trlte_eur_defconfig:3558:warning: override: reassigning to symbol HID_SYNAPTICS_BT
arch/arm/configs/apq8084_sec_trlte_eur_defconfig:3559:warning: override: reassigning to symbol HID_TIVO
arch/arm/configs/apq8084_sec_trlte_eur_defconfig:3560:warning: override: reassigning to symbol HID_TOPSEED
arch/arm/configs/apq8084_sec_trlte_eur_defconfig:3562:warning: override: reassigning to symbol HID_THRUSTMASTER
arch/arm/configs/apq8084_sec_trlte_eur_defconfig:3564:warning: override: reassigning to symbol HID_WACOM
arch/arm/configs/apq8084_sec_trlte_eur_defconfig:3565:warning: override: reassigning to symbol HID_WIIMOTE
arch/arm/configs/apq8084_sec_trlte_eur_defconfig:3567:warning: override: reassigning to symbol HID_ZAGG
arch/arm/configs/apq8084_sec_trlte_eur_defconfig:3568:warning: override: reassigning to symbol HID_ZEROPLUS
arch/arm/configs/apq8084_sec_trlte_eur_defconfig:3570:warning: override: reassigning to symbol HID_ZYDACRON
arch/arm/configs/apq8084_sec_trlte_eur_defconfig:3572:warning: override: reassigning to symbol HID_OVR
arch/arm/configs/apq8084_sec_trlte_eur_defconfig:3579:warning: override: reassigning to symbol USB_HIDDEV
arch/arm/configs/apq8084_sec_trlte_eur_defconfig:3593:warning: override: reassigning to symbol USB_ANNOUNCE_NEW_DEVICES
arch/arm/configs/apq8084_sec_trlte_eur_defconfig:3610:warning: override: reassigning to symbol USB_XHCI_HCD
arch/arm/configs/apq8084_sec_trlte_eur_defconfig:3612:warning: override: reassigning to symbol USB_XHCI_MSM_HSIC
arch/arm/configs/apq8084_sec_trlte_eur_defconfig:3614:warning: override: reassigning to symbol USB_EHCI_HCD
arch/arm/configs/apq8084_sec_trlte_eur_defconfig:3615:warning: override: reassigning to symbol USB_EHCI_EHSET
arch/arm/configs/apq8084_sec_trlte_eur_defconfig:3636:warning: override: reassigning to symbol USB_ACM
arch/arm/configs/apq8084_sec_trlte_eur_defconfig:3649:warning: override: reassigning to symbol USB_STORAGE
arch/arm/configs/apq8084_sec_trlte_eur_defconfig:3652:warning: override: reassigning to symbol USB_STORAGE_DATAFAB
arch/arm/configs/apq8084_sec_trlte_eur_defconfig:3653:warning: override: reassigning to symbol USB_STORAGE_FREECOM
arch/arm/configs/apq8084_sec_trlte_eur_defconfig:3654:warning: override: reassigning to symbol USB_STORAGE_ISD200
arch/arm/configs/apq8084_sec_trlte_eur_defconfig:3655:warning: override: reassigning to symbol USB_STORAGE_USBAT
arch/arm/configs/apq8084_sec_trlte_eur_defconfig:3656:warning: override: reassigning to symbol USB_STORAGE_SDDR09
arch/arm/configs/apq8084_sec_trlte_eur_defconfig:3657:warning: override: reassigning to symbol USB_STORAGE_SDDR55
arch/arm/configs/apq8084_sec_trlte_eur_defconfig:3658:warning: override: reassigning to symbol USB_STORAGE_JUMPSHOT
arch/arm/configs/apq8084_sec_trlte_eur_defconfig:3659:warning: override: reassigning to symbol USB_STORAGE_ALAUDA
arch/arm/configs/apq8084_sec_trlte_eur_defconfig:3660:warning: override: reassigning to symbol USB_STORAGE_ONETOUCH
arch/arm/configs/apq8084_sec_trlte_eur_defconfig:3661:warning: override: reassigning to symbol USB_STORAGE_KARMA
arch/arm/configs/apq8084_sec_trlte_eur_defconfig:3662:warning: override: reassigning to symbol USB_STORAGE_CYPRESS_ATACB
arch/arm/configs/apq8084_sec_trlte_eur_defconfig:3663:warning: override: reassigning to symbol USB_STORAGE_ENE_UB6250
arch/arm/configs/apq8084_sec_trlte_eur_defconfig:3664:warning: override: reassigning to symbol USB_STORAGE_DETECT
arch/arm/configs/apq8084_sec_trlte_eur_defconfig:3675:warning: override: reassigning to symbol USB_HOST_NOTIFY
arch/arm/configs/apq8084_sec_trlte_eur_defconfig:3676:warning: override: reassigning to symbol USB_NOTIFY_LAYER
arch/arm/configs/apq8084_sec_trlte_eur_defconfig:3677:warning: override: reassigning to symbol USB_NOTIFIER
arch/arm/configs/apq8084_sec_trlte_eur_defconfig:3678:warning: override: reassigning to symbol USB_EXTERNAL_NOTIFY
arch/arm/configs/apq8084_sec_trlte_eur_defconfig:3689:warning: override: reassigning to symbol USB_SERIAL
arch/arm/configs/apq8084_sec_trlte_eur_defconfig:3722:warning: override: reassigning to symbol USB_SERIAL_PL2303
arch/arm/configs/apq8084_sec_trlte_eur_defconfig:3745:warning: override: reassigning to symbol USB_SERIAL_CSVT
arch/arm/configs/apq8084_sec_trlte_eur_defconfig:3769:warning: override: reassigning to symbol USB_EHSET_TEST_FIXTURE
arch/arm/configs/apq8084_sec_trlte_eur_defconfig:3774:warning: override: reassigning to symbol USB_QCOM_DIAG_BRIDGE
arch/arm/configs/apq8084_sec_trlte_eur_defconfig:3775:warning: override: reassigning to symbol USB_QCOM_MDM_BRIDGE
arch/arm/configs/apq8084_sec_trlte_eur_defconfig:3776:warning: override: reassigning to symbol USB_QCOM_KS_BRIDGE
arch/arm/configs/apq8084_sec_trlte_eur_defconfig:3777:warning: override: reassigning to symbol USB_QCOM_IPC_BRIDGE
arch/arm/configs/apq8084_sec_trlte_eur_defconfig:3779:warning: override: reassigning to symbol USB_PHY
arch/arm/configs/apq8084_sec_trlte_eur_defconfig:3796:warning: override: reassigning to symbol USB_GADGET
arch/arm/configs/apq8084_sec_trlte_eur_defconfig:3798:warning: override: reassigning to symbol USB_GADGET_DEBUG_FILES
arch/arm/configs/apq8084_sec_trlte_eur_defconfig:3817:warning: override: reassigning to symbol USB_CI13XXX_MSM
arch/arm/configs/apq8084_sec_trlte_eur_defconfig:3819:warning: override: reassigning to symbol USB_DWC3_MSM
arch/arm/configs/apq8084_sec_trlte_eur_defconfig:3835:warning: override: reassigning to symbol USB_G_ANDROID
arch/arm/configs/apq8084_sec_trlte_eur_defconfig:3835:warning: override: USB_G_ANDROID changes choice state
arch/arm/configs/apq8084_sec_trlte_eur_defconfig:3836:warning: override: reassigning to symbol USB_ANDROID_SAMSUNG_COMPOSITE
arch/arm/configs/apq8084_sec_trlte_eur_defconfig:3837:warning: override: reassigning to symbol USB_DUN_SUPPORT
arch/arm/configs/apq8084_sec_trlte_eur_defconfig:3838:warning: override: reassigning to symbol USB_ANDROID_SAMSUNG_MTP
arch/arm/configs/apq8084_sec_trlte_eur_defconfig:3839:warning: override: reassigning to symbol USB_ANDROID_SAMSUNG_SIDESYNC
arch/arm/configs/apq8084_sec_trlte_eur_defconfig:3841:warning: override: reassigning to symbol USB_ANDROID_SAMSUNG_USB30_MENU
arch/arm/configs/apq8084_sec_trlte_eur_defconfig:3843:warning: override: reassigning to symbol USB_NCM_SUPPORT_MTU_CHANGE
arch/arm/configs/apq8084_sec_trlte_eur_defconfig:3844:warning: override: reassigning to symbol USB_NCM_FOR_MIRRORLINK
arch/arm/configs/apq8084_sec_trlte_eur_defconfig:3858:warning: override: reassigning to symbol MMC
arch/arm/configs/apq8084_sec_trlte_eur_defconfig:3860:warning: override: reassigning to symbol MMC_PERF_PROFILING
arch/arm/configs/apq8084_sec_trlte_eur_defconfig:3862:warning: override: reassigning to symbol MMC_UNSAFE_RESUME
arch/arm/configs/apq8084_sec_trlte_eur_defconfig:3864:warning: override: reassigning to symbol MMC_CLKGATE
arch/arm/configs/apq8084_sec_trlte_eur_defconfig:3866:warning: override: reassigning to symbol MMC_PARANOID_SD_INIT
arch/arm/configs/apq8084_sec_trlte_eur_defconfig:3872:warning: override: reassigning to symbol MMC_BLOCK_MINORS
arch/arm/configs/apq8084_sec_trlte_eur_defconfig:3873:warning: override: reassigning to symbol MMC_BLOCK_BOUNCE
arch/arm/configs/apq8084_sec_trlte_eur_defconfig:3874:warning: override: reassigning to symbol MMC_BLOCK_DEFERRED_RESUME
arch/arm/configs/apq8084_sec_trlte_eur_defconfig:3876:warning: override: reassigning to symbol MMC_TEST
arch/arm/configs/apq8084_sec_trlte_eur_defconfig:3877:warning: override: reassigning to symbol MMC_SUPPORT_BKOPS_MODE
arch/arm/configs/apq8084_sec_trlte_eur_defconfig:3878:warning: override: reassigning to symbol MMC_BKOPS_NODE_UID
arch/arm/configs/apq8084_sec_trlte_eur_defconfig:3879:warning: override: reassigning to symbol MMC_BKOPS_NODE_GID
arch/arm/configs/apq8084_sec_trlte_eur_defconfig:3880:warning: override: reassigning to symbol MMC_BLOCK_TEST
arch/arm/configs/apq8084_sec_trlte_eur_defconfig:3886:warning: override: reassigning to symbol MMC_SDHCI
arch/arm/configs/apq8084_sec_trlte_eur_defconfig:3888:warning: override: reassigning to symbol MMC_SDHCI_PLTFM
arch/arm/configs/apq8084_sec_trlte_eur_defconfig:3891:warning: override: reassigning to symbol MMC_MSM
arch/arm/configs/apq8084_sec_trlte_eur_defconfig:3893:warning: override: reassigning to symbol MMC_SDHCI_MSM
arch/arm/configs/apq8084_sec_trlte_eur_defconfig:3925:warning: override: reassigning to symbol LEDS_QPNP
arch/arm/configs/apq8084_sec_trlte_eur_defconfig:3947:warning: override: reassigning to symbol LEDS_TRIGGERS
arch/arm/configs/apq8084_sec_trlte_eur_defconfig:3951:warning: override: reassigning to symbol LEDS_TRIGGER_BACKLIGHT
arch/arm/configs/apq8084_sec_trlte_eur_defconfig:3954:warning: override: reassigning to symbol LEDS_TRIGGER_DEFAULT_ON
arch/arm/configs/apq8084_sec_trlte_eur_defconfig:3961:warning: override: reassigning to symbol SWITCH
arch/arm/configs/apq8084_sec_trlte_eur_defconfig:3967:warning: override: reassigning to symbol RTC_CLASS
arch/arm/configs/apq8084_sec_trlte_eur_defconfig:4042:warning: override: reassigning to symbol RTC_DRV_QPNP
arch/arm/configs/apq8084_sec_trlte_eur_defconfig:4048:warning: override: reassigning to symbol ESOC
arch/arm/configs/apq8084_sec_trlte_eur_defconfig:4049:warning: override: reassigning to symbol ESOC_DEV
arch/arm/configs/apq8084_sec_trlte_eur_defconfig:4050:warning: override: reassigning to symbol ESOC_CLIENT
arch/arm/configs/apq8084_sec_trlte_eur_defconfig:4052:warning: override: reassigning to symbol ESOC_MDM_4x
arch/arm/configs/apq8084_sec_trlte_eur_defconfig:4053:warning: override: reassigning to symbol ESOC_MDM_DRV
arch/arm/configs/apq8084_sec_trlte_eur_defconfig:4056:warning: override: reassigning to symbol UIO
arch/arm/configs/apq8084_sec_trlte_eur_defconfig:4065:warning: override: reassigning to symbol UIO_MSM_SHAREDMEM
arch/arm/configs/apq8084_sec_trlte_eur_defconfig:4078:warning: override: reassigning to symbol STAGING
arch/arm/configs/apq8084_sec_trlte_eur_defconfig:4214:warning: override: reassigning to symbol ANDROID
arch/arm/configs/apq8084_sec_trlte_eur_defconfig:4215:warning: override: reassigning to symbol ANDROID_BINDER_IPC
arch/arm/configs/apq8084_sec_trlte_eur_defconfig:4217:warning: override: reassigning to symbol ASHMEM
arch/arm/configs/apq8084_sec_trlte_eur_defconfig:4218:warning: override: reassigning to symbol ANDROID_LOGGER
arch/arm/configs/apq8084_sec_trlte_eur_defconfig:4219:warning: override: reassigning to symbol LOGCAT_SIZE
arch/arm/configs/apq8084_sec_trlte_eur_defconfig:4221:warning: override: reassigning to symbol ANDROID_TIMED_GPIO
arch/arm/configs/apq8084_sec_trlte_eur_defconfig:4222:warning: override: reassigning to symbol ANDROID_LOW_MEMORY_KILLER
arch/arm/configs/apq8084_sec_trlte_eur_defconfig:4224:warning: override: reassigning to symbol SEC_OOM_KILLER
arch/arm/configs/apq8084_sec_trlte_eur_defconfig:4227:warning: override: reassigning to symbol ANDROID_INTF_ALARM_DEV
arch/arm/configs/apq8084_sec_trlte_eur_defconfig:4231:warning: override: reassigning to symbol ION
arch/arm/configs/apq8084_sec_trlte_eur_defconfig:4233:warning: override: reassigning to symbol ION_MSM
arch/arm/configs/apq8084_sec_trlte_eur_defconfig:4251:warning: override: reassigning to symbol MSM_SSBI
arch/arm/configs/apq8084_sec_trlte_eur_defconfig:4252:warning: override: reassigning to symbol SPS
arch/arm/configs/apq8084_sec_trlte_eur_defconfig:4253:warning: override: reassigning to symbol USB_BAM
arch/arm/configs/apq8084_sec_trlte_eur_defconfig:4254:warning: override: reassigning to symbol SPS_SUPPORT_BAMDMA
arch/arm/configs/apq8084_sec_trlte_eur_defconfig:4255:warning: override: reassigning to symbol SPS_SUPPORT_NDP_BAM
arch/arm/configs/apq8084_sec_trlte_eur_defconfig:4257:warning: override: reassigning to symbol QPNP_POWER_ON
arch/arm/configs/apq8084_sec_trlte_eur_defconfig:4258:warning: override: reassigning to symbol QPNP_CLKDIV
arch/arm/configs/apq8084_sec_trlte_eur_defconfig:4262:warning: override: reassigning to symbol QPNP_USB_DETECT
arch/arm/configs/apq8084_sec_trlte_eur_defconfig:4268:warning: override: reassigning to symbol QCA1530
arch/arm/configs/apq8084_sec_trlte_eur_defconfig:4278:warning: override: reassigning to symbol REMOTE_SPINLOCK_MSM
arch/arm/configs/apq8084_sec_trlte_eur_defconfig:4285:warning: override: reassigning to symbol MSM_IOMMU_V1
arch/arm/configs/apq8084_sec_trlte_eur_defconfig:4287:warning: override: reassigning to symbol IOMMU_PGTABLES_L2
arch/arm/configs/apq8084_sec_trlte_eur_defconfig:4288:warning: override: reassigning to symbol IOMMU_LPAE
arch/arm/configs/apq8084_sec_trlte_eur_defconfig:4336:warning: override: reassigning to symbol MUIC_SUPPORT_RUSTPROOF
arch/arm/configs/apq8084_sec_trlte_eur_defconfig:4436:warning: override: reassigning to symbol PWM
arch/arm/configs/apq8084_sec_trlte_eur_defconfig:4437:warning: override: reassigning to symbol PWM_QPNP
arch/arm/configs/apq8084_sec_trlte_eur_defconfig:4443:warning: override: reassigning to symbol MOBICORE_SUPPORT
arch/arm/configs/apq8084_sec_trlte_eur_defconfig:4445:warning: override: reassigning to symbol MOBICORE_API
arch/arm/configs/apq8084_sec_trlte_eur_defconfig:4450:warning: override: reassigning to symbol SENSORS_SSC
arch/arm/configs/apq8084_sec_trlte_eur_defconfig:4456:warning: override: reassigning to symbol PHY_MSM_SATA
arch/arm/configs/apq8084_sec_trlte_eur_defconfig:4458:warning: override: reassigning to symbol MSM_IPC_ROUTER_SMD_XPRT
arch/arm/configs/apq8084_sec_trlte_eur_defconfig:4459:warning: override: reassigning to symbol MSM_IPC_ROUTER_HSIC_XPRT
arch/arm/configs/apq8084_sec_trlte_eur_defconfig:4460:warning: override: reassigning to symbol MSM_QMI_INTERFACE
arch/arm/configs/apq8084_sec_trlte_eur_defconfig:4461:warning: override: reassigning to symbol MSM_SMEM
arch/arm/configs/apq8084_sec_trlte_eur_defconfig:4462:warning: override: reassigning to symbol MSM_SMEM_LOGGING
arch/arm/configs/apq8084_sec_trlte_eur_defconfig:4465:warning: override: reassigning to symbol MSM_ADSP_LOADER
arch/arm/configs/apq8084_sec_trlte_eur_defconfig:4466:warning: override: reassigning to symbol MSM_MEMORY_DUMP
arch/arm/configs/apq8084_sec_trlte_eur_defconfig:4467:warning: override: reassigning to symbol MSM_WATCHDOG_V2
arch/arm/configs/apq8084_sec_trlte_eur_defconfig:4556:warning: override: reassigning to symbol EXT2_FS
arch/arm/configs/apq8084_sec_trlte_eur_defconfig:4557:warning: override: reassigning to symbol EXT2_FS_XATTR
arch/arm/configs/apq8084_sec_trlte_eur_defconfig:4559:warning: override: reassigning to symbol EXT2_FS_SECURITY
arch/arm/configs/apq8084_sec_trlte_eur_defconfig:4561:warning: override: reassigning to symbol EXT3_FS
arch/arm/configs/apq8084_sec_trlte_eur_defconfig:4562:warning: override: reassigning to symbol EXT3_DEFAULTS_TO_ORDERED
arch/arm/configs/apq8084_sec_trlte_eur_defconfig:4566:warning: override: reassigning to symbol EXT4_FS
arch/arm/configs/apq8084_sec_trlte_eur_defconfig:4568:warning: override: reassigning to symbol EXT4_FS_SECURITY
arch/arm/configs/apq8084_sec_trlte_eur_defconfig:4591:warning: override: reassigning to symbol FUSE_FS
arch/arm/configs/apq8084_sec_trlte_eur_defconfig:4610:warning: override: reassigning to symbol MSDOS_FS
arch/arm/configs/apq8084_sec_trlte_eur_defconfig:4611:warning: override: reassigning to symbol VFAT_FS
arch/arm/configs/apq8084_sec_trlte_eur_defconfig:4614:warning: override: reassigning to symbol FAT_VIRTUAL_XATTR
arch/arm/configs/apq8084_sec_trlte_eur_defconfig:4617:warning: override: reassigning to symbol EXFAT_FS
arch/arm/configs/apq8084_sec_trlte_eur_defconfig:4618:warning: override: reassigning to symbol EXFAT_VIRTUAL_XATTR
arch/arm/configs/apq8084_sec_trlte_eur_defconfig:4629:warning: override: reassigning to symbol PROC_AVC
arch/arm/configs/apq8084_sec_trlte_eur_defconfig:4632:warning: override: reassigning to symbol TMPFS
arch/arm/configs/apq8084_sec_trlte_eur_defconfig:4633:warning: override: reassigning to symbol TMPFS_POSIX_ACL
arch/arm/configs/apq8084_sec_trlte_eur_defconfig:4640:warning: override: reassigning to symbol ECRYPT_FS
arch/arm/configs/apq8084_sec_trlte_eur_defconfig:4642:warning: override: reassigning to symbol WTL_ENCRYPTION_FILTER
arch/arm/configs/apq8084_sec_trlte_eur_defconfig:4643:warning: override: reassigning to symbol ECRYPT_FS_VIRTUAL_FAT_XATTR
arch/arm/configs/apq8084_sec_trlte_eur_defconfig:4644:warning: override: reassigning to symbol SDP
arch/arm/configs/apq8084_sec_trlte_eur_defconfig:4646:warning: override: reassigning to symbol DLP
arch/arm/configs/apq8084_sec_trlte_eur_defconfig:4648:warning: override: reassigning to symbol SCFS
arch/arm/configs/apq8084_sec_trlte_eur_defconfig:4650:warning: override: reassigning to symbol SCFS_LOWER_PAGECACHE_INVALIDATION
arch/arm/configs/apq8084_sec_trlte_eur_defconfig:4652:warning: override: reassigning to symbol SDCARD_FS
arch/arm/configs/apq8084_sec_trlte_eur_defconfig:4654:warning: override: reassigning to symbol SDCARD_FS_XATTR
arch/arm/configs/apq8084_sec_trlte_eur_defconfig:4670:warning: override: reassigning to symbol PSTORE
arch/arm/configs/apq8084_sec_trlte_eur_defconfig:4675:warning: override: reassigning to symbol F2FS_FS
arch/arm/configs/apq8084_sec_trlte_eur_defconfig:4679:warning: override: reassigning to symbol F2FS_FS_SECURITY
arch/arm/configs/apq8084_sec_trlte_eur_defconfig:4690:warning: override: reassigning to symbol NLS_CODEPAGE_437
arch/arm/configs/apq8084_sec_trlte_eur_defconfig:4713:warning: override: reassigning to symbol NLS_ASCII
arch/arm/configs/apq8084_sec_trlte_eur_defconfig:4714:warning: override: reassigning to symbol NLS_ISO8859_1
arch/arm/configs/apq8084_sec_trlte_eur_defconfig:4745:warning: override: reassigning to symbol PRINTK_TIME
arch/arm/configs/apq8084_sec_trlte_eur_defconfig:4750:warning: override: reassigning to symbol MAGIC_SYSRQ
arch/arm/configs/apq8084_sec_trlte_eur_defconfig:4765:warning: override: reassigning to symbol SYSRQ_SCHED_DEBUG
arch/arm/configs/apq8084_sec_trlte_eur_defconfig:4766:warning: override: reassigning to symbol PANIC_ON_RT_THROTTLING
arch/arm/configs/apq8084_sec_trlte_eur_defconfig:4767:warning: override: reassigning to symbol SCHEDSTATS
arch/arm/configs/apq8084_sec_trlte_eur_defconfig:4768:warning: override: reassigning to symbol TIMER_STATS
arch/arm/configs/apq8084_sec_trlte_eur_defconfig:4773:warning: override: reassigning to symbol DEBUG_PREEMPT
arch/arm/configs/apq8084_sec_trlte_eur_defconfig:4788:warning: override: reassigning to symbol DEBUG_INFO
arch/arm/configs/apq8084_sec_trlte_eur_defconfig:4792:warning: override: reassigning to symbol DEBUG_MEMORY_INIT
arch/arm/configs/apq8084_sec_trlte_eur_defconfig:4830:warning: override: reassigning to symbol MSM_RTB
arch/arm/configs/apq8084_sec_trlte_eur_defconfig:4831:warning: override: reassigning to symbol MSM_RTB_SEPARATE_CPUS
arch/arm/configs/apq8084_sec_trlte_eur_defconfig:4832:warning: override: reassigning to symbol IPC_LOGGING
arch/arm/configs/apq8084_sec_trlte_eur_defconfig:4850:warning: override: reassigning to symbol CPU_FREQ_SWITCH_PROFILER
arch/arm/configs/apq8084_sec_trlte_eur_defconfig:4856:warning: override: reassigning to symbol DYNAMIC_DEBUG
arch/arm/configs/apq8084_sec_trlte_eur_defconfig:4867:warning: override: reassigning to symbol DEBUG_USER
arch/arm/configs/apq8084_sec_trlte_eur_defconfig:4878:warning: override: reassigning to symbol SEC_DEBUG
arch/arm/configs/apq8084_sec_trlte_eur_defconfig:4879:warning: override: reassigning to symbol SEC_DEBUG_SCHED_LOG
arch/arm/configs/apq8084_sec_trlte_eur_defconfig:4882:warning: override: reassigning to symbol SEC_LOGGER_BUFFER_EXPANSION
arch/arm/configs/apq8084_sec_trlte_eur_defconfig:4885:warning: override: reassigning to symbol SEC_DEBUG_IRQ_EXIT_LOG
arch/arm/configs/apq8084_sec_trlte_eur_defconfig:4887:warning: override: reassigning to symbol SEC_DEBUG_SUBSYS
arch/arm/configs/apq8084_sec_trlte_eur_defconfig:4894:warning: override: reassigning to symbol SEC_LOG_LAST_KMSG
arch/arm/configs/apq8084_sec_trlte_eur_defconfig:4902:warning: override: reassigning to symbol SEC_PM_DEBUG
arch/arm/configs/apq8084_sec_trlte_eur_defconfig:4903:warning: override: reassigning to symbol PID_IN_CONTEXTIDR
arch/arm/configs/apq8084_sec_trlte_eur_defconfig:4909:warning: override: reassigning to symbol SEC_RESTRICT_ROOTING
arch/arm/configs/apq8084_sec_trlte_eur_defconfig:4914:warning: override: reassigning to symbol SEC_BSP
arch/arm/configs/apq8084_sec_trlte_eur_defconfig:4919:warning: override: reassigning to symbol KEYS
arch/arm/configs/apq8084_sec_trlte_eur_defconfig:4921:warning: override: reassigning to symbol KEYS_DEBUG_PROC_KEYS
arch/arm/configs/apq8084_sec_trlte_eur_defconfig:4923:warning: override: reassigning to symbol SECURITY
arch/arm/configs/apq8084_sec_trlte_eur_defconfig:4925:warning: override: reassigning to symbol SECURITY_NETWORK
arch/arm/configs/apq8084_sec_trlte_eur_defconfig:4928:warning: override: reassigning to symbol LSM_MMAP_MIN_ADDR
arch/arm/configs/apq8084_sec_trlte_eur_defconfig:4929:warning: override: reassigning to symbol SECURITY_SELINUX
arch/arm/configs/apq8084_sec_trlte_eur_defconfig:4932:warning: override: reassigning to symbol SECURITY_SELINUX_DEVELOP
arch/arm/configs/apq8084_sec_trlte_eur_defconfig:4933:warning: override: reassigning to symbol SECURITY_SELINUX_AVC_STATS
arch/arm/configs/apq8084_sec_trlte_eur_defconfig:4947:warning: override: reassigning to symbol TZ_ICCC
arch/arm/configs/apq8084_sec_trlte_eur_defconfig:4951:warning: override: reassigning to symbol DEFAULT_SECURITY
arch/arm/configs/apq8084_sec_trlte_eur_defconfig:4952:warning: override: reassigning to symbol CRYPTO
arch/arm/configs/apq8084_sec_trlte_eur_defconfig:4957:warning: override: reassigning to symbol CRYPTO_FIPS
arch/arm/configs/apq8084_sec_trlte_eur_defconfig:4972:warning: override: reassigning to symbol CRYPTO_MANAGER_DISABLE_TESTS
arch/arm/configs/apq8084_sec_trlte_eur_defconfig:4974:warning: override: reassigning to symbol CRYPTO_NULL
arch/arm/configs/apq8084_sec_trlte_eur_defconfig:4979:warning: override: reassigning to symbol CRYPTO_TEST
arch/arm/configs/apq8084_sec_trlte_eur_defconfig:4985:warning: override: reassigning to symbol CRYPTO_GCM
arch/arm/configs/apq8084_sec_trlte_eur_defconfig:4991:warning: override: reassigning to symbol CRYPTO_CBC
arch/arm/configs/apq8084_sec_trlte_eur_defconfig:5004:warning: override: reassigning to symbol CRYPTO_XCBC
arch/arm/configs/apq8084_sec_trlte_eur_defconfig:5013:warning: override: reassigning to symbol CRYPTO_MD4
arch/arm/configs/apq8084_sec_trlte_eur_defconfig:5020:warning: override: reassigning to symbol CRYPTO_SHA1
arch/arm/configs/apq8084_sec_trlte_eur_defconfig:5022:warning: override: reassigning to symbol CRYPTO_SHA256
arch/arm/configs/apq8084_sec_trlte_eur_defconfig:5023:warning: override: reassigning to symbol CRYPTO_SHA512
arch/arm/configs/apq8084_sec_trlte_eur_defconfig:5030:warning: override: reassigning to symbol CRYPTO_AES
arch/arm/configs/apq8084_sec_trlte_eur_defconfig:5045:warning: override: reassigning to symbol CRYPTO_TWOFISH
arch/arm/configs/apq8084_sec_trlte_eur_defconfig:5053:warning: override: reassigning to symbol CRYPTO_LZO
arch/arm/configs/apq8084_sec_trlte_eur_defconfig:5060:warning: override: reassigning to symbol CRYPTO_ANSI_CPRNG
arch/arm/configs/apq8084_sec_trlte_eur_defconfig:5066:warning: override: reassigning to symbol CRYPTO_DEV_QCRYPTO
arch/arm/configs/apq8084_sec_trlte_eur_defconfig:5067:warning: override: reassigning to symbol CRYPTO_DEV_QCE
arch/arm/configs/apq8084_sec_trlte_eur_defconfig:5068:warning: override: reassigning to symbol CRYPTO_DEV_QCEDEV
KCONFIG_SELINUX(arch/arm/configs/selinux_defconfig)
KCONFIG_LOG_SELINUX(arch/arm/configs/selinux_log_defconfig)
KCONFIG_TIMA((null))
KCONFIG_DMVERITY((null))
KCONFIG_VARIANT(arch/arm/configs/apq8084_sec_trlte_eur_defconfig)
KCONFIG_DEBUG((null))
#
# configuration written to .config
#
make: Leaving directory `/home/friedrich420/kernel/note4/KERNEL_AEL_UNIFIED_NEWGIT'
make: Entering directory `/home/friedrich420/kernel/note4/KERNEL_AEL_UNIFIED_NEWGIT'
  GEN     /home/friedrich420/kernel/android/out/target/product/trlteeur/obj/KERNEL_OBJ/Makefile
scripts/kconfig/conf --silentoldconfig Kconfig
  GEN     /home/friedrich420/kernel/android/out/target/product/trlteeur/obj/KERNEL_OBJ/Makefile
  CHK     include/generated/uapi/linux/version.h
  Using /home/friedrich420/kernel/note4/KERNEL_AEL_UNIFIED_NEWGIT as source for kernel
  /home/friedrich420/kernel/note4/KERNEL_AEL_UNIFIED_NEWGIT is not clean, please run 'make mrproper'
  in the '/home/friedrich420/kernel/note4/KERNEL_AEL_UNIFIED_NEWGIT' directory.
make[1]: *** [prepare3] Error 1
make[1]: *** Waiting for unfinished jobs....
make: *** [sub-make] Error 2
make: Leaving directory `/home/friedrich420/kernel/note4/KERNEL_AEL_UNIFIED_NEWGIT'
